================================================================================
🔧 参照検出の修正と再生成
================================================================================
✅ 8910件の法令をキャッシュしました
既存の参照データをクリア中...
✅ クリア完了
📊 処理対象: 8910法令
[100/8910] 処理中... (総参照: 0, 外部: 5)
[200/8910] 処理中... (総参照: 0, 外部: 22)
[300/8910] 処理中... (総参照: 0, 外部: 35)
[400/8910] 処理中... (総参照: 0, 外部: 62)
[500/8910] 処理中... (総参照: 0, 外部: 140)
[600/8910] 処理中... (総参照: 0, 外部: 151)
[700/8910] 処理中... (総参照: 0, 外部: 232)
[800/8910] 処理中... (総参照: 500, 外部: 372)
[900/8910] 処理中... (総参照: 500, 外部: 434)
[1000/8910] 処理中... (総参照: 500, 外部: 572)
[1100/8910] 処理中... (総参照: 500, 外部: 605)
[1200/8910] 処理中... (総参照: 500, 外部: 660)
[1300/8910] 処理中... (総参照: 500, 外部: 692)
[1400/8910] 処理中... (総参照: 500, 外部: 733)
[1500/8910] 処理中... (総参照: 1000, 外部: 769)
[1600/8910] 処理中... (総参照: 1000, 外部: 874)
[1700/8910] 処理中... (総参照: 1000, 外部: 1041)
[1800/8910] 処理中... (総参照: 1500, 外部: 1133)
[1900/8910] 処理中... (総参照: 1500, 外部: 1254)
[2000/8910] 処理中... (総参照: 1500, 外部: 1355)
[2100/8910] 処理中... (総参照: 2000, 外部: 1461)
[2200/8910] 処理中... (総参照: 2000, 外部: 1554)
[2300/8910] 処理中... (総参照: 2000, 外部: 1607)
[2400/8910] 処理中... (総参照: 2000, 外部: 1640)
[2500/8910] 処理中... (総参照: 2000, 外部: 1762)
[2600/8910] 処理中... (総参照: 2500, 外部: 1795)
[2700/8910] 処理中... (総参照: 2500, 外部: 1878)
[2800/8910] 処理中... (総参照: 2500, 外部: 2008)
[2900/8910] 処理中... (総参照: 2500, 外部: 2061)
[3000/8910] 処理中... (総参照: 3000, 外部: 2124)
[3100/8910] 処理中... (総参照: 3000, 外部: 2167)
[3200/8910] 処理中... (総参照: 3000, 外部: 2242)
[3300/8910] 処理中... (総参照: 3000, 外部: 2282)
[3400/8910] 処理中... (総参照: 3000, 外部: 2348)
[3500/8910] 処理中... (総参照: 3500, 外部: 2556)
[3600/8910] 処理中... (総参照: 3500, 外部: 2642)
[3700/8910] 処理中... (総参照: 3500, 外部: 2686)
[3800/8910] 処理中... (総参照: 3500, 外部: 2735)
[3900/8910] 処理中... (総参照: 3500, 外部: 2820)
[4000/8910] 処理中... (総参照: 4000, 外部: 2954)
[4100/8910] 処理中... (総参照: 4000, 外部: 3079)
[4200/8910] 処理中... (総参照: 4500, 外部: 3128)
[4300/8910] 処理中... (総参照: 4500, 外部: 3226)
[4400/8910] 処理中... (総参照: 4500, 外部: 3291)
[4500/8910] 処理中... (総参照: 4500, 外部: 3363)
[4600/8910] 処理中... (総参照: 5000, 外部: 3578)
[4700/8910] 処理中... (総参照: 5000, 外部: 3645)
[4800/8910] 処理中... (総参照: 5000, 外部: 3763)
[4900/8910] 処理中... (総参照: 5000, 外部: 3788)
[5000/8910] 処理中... (総参照: 5000, 外部: 3853)
[5100/8910] 処理中... (総参照: 5000, 外部: 3923)
[5200/8910] 処理中... (総参照: 5500, 外部: 3972)
[5300/8910] 処理中... (総参照: 5500, 外部: 4054)
[5400/8910] 処理中... (総参照: 5500, 外部: 4080)
[5500/8910] 処理中... (総参照: 5500, 外部: 4183)
[5600/8910] 処理中... (総参照: 5500, 外部: 4257)
[5700/8910] 処理中... (総参照: 6000, 外部: 4477)
[5800/8910] 処理中... (総参照: 6000, 外部: 4541)
[5900/8910] 処理中... (総参照: 6000, 外部: 4620)
[6000/8910] 処理中... (総参照: 6500, 外部: 4751)
[6100/8910] 処理中... (総参照: 6500, 外部: 4871)
[6200/8910] 処理中... (総参照: 6500, 外部: 4984)
[6300/8910] 処理中... (総参照: 7000, 外部: 5195)
[6400/8910] 処理中... (総参照: 7000, 外部: 5287)
[6500/8910] 処理中... (総参照: 7000, 外部: 5523)
[6600/8910] 処理中... (総参照: 7500, 外部: 5570)
[6700/8910] 処理中... (総参照: 7500, 外部: 5644)
[6800/8910] 処理中... (総参照: 7500, 外部: 5702)
[6900/8910] 処理中... (総参照: 7500, 外部: 5763)
[7000/8910] 処理中... (総参照: 7500, 外部: 5789)
[7100/8910] 処理中... (総参照: 7500, 外部: 5820)
[7200/8910] 処理中... (総参照: 7500, 外部: 5879)
[7300/8910] 処理中... (総参照: 8000, 外部: 5928)
[7400/8910] 処理中... (総参照: 8000, 外部: 5953)
[7500/8910] 処理中... (総参照: 8000, 外部: 6016)
[7600/8910] 処理中... (総参照: 8000, 外部: 6032)
[7700/8910] 処理中... (総参照: 8000, 外部: 6090)
[7800/8910] 処理中... (総参照: 8000, 外部: 6145)
[7900/8910] 処理中... (総参照: 8000, 外部: 6220)
[8000/8910] 処理中... (総参照: 8000, 外部: 6233)
[8100/8910] 処理中... (総参照: 8500, 外部: 6292)
[8200/8910] 処理中... (総参照: 8500, 外部: 6319)
[8300/8910] 処理中... (総参照: 8500, 外部: 6354)
[8400/8910] 処理中... (総参照: 8500, 外部: 6385)
[8500/8910] 処理中... (総参照: 8500, 外部: 6412)
[8600/8910] 処理中... (総参照: 8500, 外部: 6481)
[8700/8910] 処理中... (総参照: 8500, 外部: 6531)
[8800/8910] 処理中... (総参照: 8500, 外部: 6562)
[8900/8910] 処理中... (総参照: 8500, 外部: 6635)

================================================================================
✅ 参照データの修正完了！
  処理法令数: 8910
  総参照数: 8940
  外部参照数: 6636
================================================================================

📊 参照タイプ別統計:
  external: 6636件
  application: 1195件
  internal: 1015件
  relative: 53件
  structural: 41件

📝 外部参照サンプル:
   → 507M60400000008
   → 507M60400000008
   → 507M60400000008
   → 507M60400000008
   → 507M60400000008
   → 507M60400000008
   → 507M60400000008
   → 507M60400000008
   → 507M60400000008
   → 507M60400000008
