================================================================================
๐ ไฟฎๆญฃ็ใใผใธใงใใณใฐๅฏพๅฟ ๆณไปคใใผใฟๆๅฅ้ๅง
================================================================================
๐ ๅฆ็ๅฏพ่ฑก: 8910ๆณไปค, 10573ใใผใธใงใณ
๐ ่คๆฐใใผใธใงใณๆณไปค: 855ไปถ

๐ ๆขๅญๆณไปค: 664ไปถ
ๅฆ็ๆธใฟ: 100ไปถ, ในใญใใ: 664ไปถ
ๅฆ็ๆธใฟ: 200ไปถ, ในใญใใ: 664ไปถ
ๅฆ็ๆธใฟ: 300ไปถ, ในใญใใ: 664ไปถ
ๅฆ็ๆธใฟ: 400ไปถ, ในใญใใ: 664ไปถ
ๅฆ็ๆธใฟ: 500ไปถ, ในใญใใ: 664ไปถ
ๅฆ็ๆธใฟ: 600ไปถ, ในใญใใ: 664ไปถ
ๅฆ็ๆธใฟ: 700ไปถ, ในใญใใ: 664ไปถ
ๅฆ็ๆธใฟ: 800ไปถ, ในใญใใ: 664ไปถ
ๅฆ็ๆธใฟ: 900ไปถ, ในใญใใ: 664ไปถ
ๅฆ็ๆธใฟ: 1000ไปถ, ในใญใใ: 664ไปถ
ๅฆ็ๆธใฟ: 1100ไปถ, ในใญใใ: 664ไปถ
ๅฆ็ๆธใฟ: 1200ไปถ, ในใญใใ: 664ไปถ
ๅฆ็ๆธใฟ: 1300ไปถ, ในใญใใ: 664ไปถ
ๅฆ็ๆธใฟ: 1400ไปถ, ในใญใใ: 664ไปถ
ๅฆ็ๆธใฟ: 1500ไปถ, ในใญใใ: 664ไปถ
ๅฆ็ๆธใฟ: 1600ไปถ, ในใญใใ: 664ไปถ
ๅฆ็ๆธใฟ: 1700ไปถ, ในใญใใ: 664ไปถ
ๅฆ็ๆธใฟ: 1800ไปถ, ในใญใใ: 664ไปถ
ๅฆ็ๆธใฟ: 1900ไปถ, ในใญใใ: 664ไปถ
ๅฆ็ๆธใฟ: 2000ไปถ, ในใญใใ: 664ไปถ
ๅฆ็ๆธใฟ: 2100ไปถ, ในใญใใ: 664ไปถ
ๅฆ็ๆธใฟ: 2200ไปถ, ในใญใใ: 664ไปถ
ๅฆ็ๆธใฟ: 2300ไปถ, ในใญใใ: 664ไปถ
ๅฆ็ๆธใฟ: 2400ไปถ, ในใญใใ: 664ไปถ
ๅฆ็ๆธใฟ: 2500ไปถ, ในใญใใ: 664ไปถ
ๅฆ็ๆธใฟ: 2600ไปถ, ในใญใใ: 664ไปถ
ๅฆ็ๆธใฟ: 2700ไปถ, ในใญใใ: 664ไปถ
ๅฆ็ๆธใฟ: 2800ไปถ, ในใญใใ: 664ไปถ
ๅฆ็ๆธใฟ: 2900ไปถ, ในใญใใ: 664ไปถ
ๅฆ็ๆธใฟ: 3000ไปถ, ในใญใใ: 664ไปถ
ๅฆ็ๆธใฟ: 3100ไปถ, ในใญใใ: 664ไปถ
ๅฆ็ๆธใฟ: 3200ไปถ, ในใญใใ: 664ไปถ
ๅฆ็ๆธใฟ: 3300ไปถ, ในใญใใ: 664ไปถ
ๅฆ็ๆธใฟ: 3400ไปถ, ในใญใใ: 664ไปถ
ๅฆ็ๆธใฟ: 3500ไปถ, ในใญใใ: 664ไปถ
ๅฆ็ๆธใฟ: 3600ไปถ, ในใญใใ: 664ไปถ
ๅฆ็ๆธใฟ: 3700ไปถ, ในใญใใ: 664ไปถ
ๅฆ็ๆธใฟ: 3800ไปถ, ในใญใใ: 664ไปถ
ๅฆ็ๆธใฟ: 3900ไปถ, ในใญใใ: 664ไปถ
ๅฆ็ๆธใฟ: 4000ไปถ, ในใญใใ: 664ไปถ
ๅฆ็ๆธใฟ: 4100ไปถ, ในใญใใ: 664ไปถ
ๅฆ็ๆธใฟ: 4200ไปถ, ในใญใใ: 664ไปถ
ๅฆ็ๆธใฟ: 4300ไปถ, ในใญใใ: 664ไปถ
ๅฆ็ๆธใฟ: 4400ไปถ, ในใญใใ: 664ไปถ
ๅฆ็ๆธใฟ: 4500ไปถ, ในใญใใ: 664ไปถ
ๅฆ็ๆธใฟ: 4600ไปถ, ในใญใใ: 664ไปถ
ๅฆ็ๆธใฟ: 4700ไปถ, ในใญใใ: 664ไปถ
ๅฆ็ๆธใฟ: 4800ไปถ, ในใญใใ: 664ไปถ
ๅฆ็ๆธใฟ: 4900ไปถ, ในใญใใ: 664ไปถ
ๅฆ็ๆธใฟ: 5000ไปถ, ในใญใใ: 664ไปถ
ๅฆ็ๆธใฟ: 5100ไปถ, ในใญใใ: 664ไปถ
ๅฆ็ๆธใฟ: 5200ไปถ, ในใญใใ: 664ไปถ
ๅฆ็ๆธใฟ: 5300ไปถ, ในใญใใ: 664ไปถ
ๅฆ็ๆธใฟ: 5400ไปถ, ในใญใใ: 664ไปถ
ๅฆ็ๆธใฟ: 5500ไปถ, ในใญใใ: 664ไปถ
ๅฆ็ๆธใฟ: 5600ไปถ, ในใญใใ: 664ไปถ
ๅฆ็ๆธใฟ: 5700ไปถ, ในใญใใ: 664ไปถ
ๅฆ็ๆธใฟ: 5800ไปถ, ในใญใใ: 664ไปถ
ๅฆ็ๆธใฟ: 5900ไปถ, ในใญใใ: 664ไปถ
ๅฆ็ๆธใฟ: 6000ไปถ, ในใญใใ: 664ไปถ
ๅฆ็ๆธใฟ: 6100ไปถ, ในใญใใ: 664ไปถ
ๅฆ็ๆธใฟ: 6200ไปถ, ในใญใใ: 664ไปถ
ๅฆ็ๆธใฟ: 6300ไปถ, ในใญใใ: 664ไปถ
ๅฆ็ๆธใฟ: 6400ไปถ, ในใญใใ: 664ไปถ
ๅฆ็ๆธใฟ: 6500ไปถ, ในใญใใ: 664ไปถ
ๅฆ็ๆธใฟ: 6600ไปถ, ในใญใใ: 664ไปถ
ๅฆ็ๆธใฟ: 6700ไปถ, ในใญใใ: 664ไปถ
ๅฆ็ๆธใฟ: 6800ไปถ, ในใญใใ: 664ไปถ
ๅฆ็ๆธใฟ: 6900ไปถ, ในใญใใ: 664ไปถ
ๅฆ็ๆธใฟ: 7000ไปถ, ในใญใใ: 664ไปถ
ๅฆ็ๆธใฟ: 7100ไปถ, ในใญใใ: 664ไปถ
ๅฆ็ๆธใฟ: 7200ไปถ, ในใญใใ: 664ไปถ
ๅฆ็ๆธใฟ: 7300ไปถ, ในใญใใ: 664ไปถ
ๅฆ็ๆธใฟ: 7400ไปถ, ในใญใใ: 664ไปถ
ๅฆ็ๆธใฟ: 7500ไปถ, ในใญใใ: 664ไปถ
ๅฆ็ๆธใฟ: 7600ไปถ, ในใญใใ: 664ไปถ
ๅฆ็ๆธใฟ: 7700ไปถ, ในใญใใ: 664ไปถ
ๅฆ็ๆธใฟ: 7800ไปถ, ในใญใใ: 664ไปถ
ๅฆ็ๆธใฟ: 7900ไปถ, ในใญใใ: 664ไปถ
ๅฆ็ๆธใฟ: 8000ไปถ, ในใญใใ: 664ไปถ
ๅฆ็ๆธใฟ: 8100ไปถ, ในใญใใ: 664ไปถ
ๅฆ็ๆธใฟ: 8200ไปถ, ในใญใใ: 664ไปถ

================================================================================
โ ใคใณใใผใๅฎไบ
ๅฆ็ๆณไปคๆฐ: 8246/8910
ในใญใใ: 664ไปถ
ๅคฑๆ: 0ไปถ
ๅฆ็ๆ้: 75ๅ

๐ ใใผใฟใใผใน็ตฑ่จๆๅฑ:
  ๆณไปคใในใฟใผ: 8910ไปถ
  ็ทใใผใธใงใณๆฐ: 10252ไปถ
  ๆๆฐใใผใธใงใณ: 8497ไปถ
  ๆกๆ: 419951ไปถ
  ้: 1029611ไปถ
