[dotenv@17.2.1] injecting env (0) from .env -- tip: 📡 observe env with Radar: https://dotenvx.com/radar
🔄 全法令のNeo4j同期を開始します...

📚 3686件の法令を処理します

進捗: 10/3686 (0%)
進捗: 20/3686 (1%)
進捗: 30/3686 (1%)
進捗: 40/3686 (1%)
進捗: 50/3686 (1%)
進捗: 60/3686 (2%)
進捗: 70/3686 (2%)
進捗: 80/3686 (2%)
進捗: 90/3686 (2%)
進捗: 100/3686 (3%)
進捗: 110/3686 (3%)
進捗: 120/3686 (3%)
進捗: 130/3686 (4%)
進捗: 140/3686 (4%)
進捗: 150/3686 (4%)
進捗: 160/3686 (4%)
進捗: 170/3686 (5%)
進捗: 180/3686 (5%)
進捗: 190/3686 (5%)
進捗: 200/3686 (5%)
進捗: 210/3686 (6%)
進捗: 220/3686 (6%)
進捗: 230/3686 (6%)
進捗: 240/3686 (7%)
進捗: 250/3686 (7%)
進捗: 260/3686 (7%)
進捗: 270/3686 (7%)
進捗: 280/3686 (8%)
進捗: 290/3686 (8%)
進捗: 300/3686 (8%)
進捗: 310/3686 (8%)
進捗: 320/3686 (9%)
進捗: 330/3686 (9%)
進捗: 340/3686 (9%)
進捗: 350/3686 (9%)
進捗: 360/3686 (10%)
進捗: 370/3686 (10%)
進捗: 380/3686 (10%)
進捗: 390/3686 (11%)
進捗: 400/3686 (11%)
進捗: 410/3686 (11%)
進捗: 420/3686 (11%)
進捗: 430/3686 (12%)
進捗: 440/3686 (12%)
進捗: 450/3686 (12%)
進捗: 460/3686 (12%)
進捗: 470/3686 (13%)
進捗: 480/3686 (13%)
進捗: 490/3686 (13%)
進捗: 500/3686 (14%)
進捗: 510/3686 (14%)
進捗: 520/3686 (14%)
進捗: 530/3686 (14%)
進捗: 540/3686 (15%)
進捗: 550/3686 (15%)
進捗: 560/3686 (15%)
進捗: 570/3686 (15%)
進捗: 580/3686 (16%)
進捗: 590/3686 (16%)
進捗: 600/3686 (16%)
進捗: 610/3686 (17%)
進捗: 620/3686 (17%)
進捗: 630/3686 (17%)
進捗: 640/3686 (17%)
進捗: 650/3686 (18%)
進捗: 660/3686 (18%)
進捗: 670/3686 (18%)
進捗: 680/3686 (18%)
進捗: 690/3686 (19%)
進捗: 700/3686 (19%)
進捗: 710/3686 (19%)
進捗: 720/3686 (20%)
進捗: 730/3686 (20%)
進捗: 740/3686 (20%)
進捗: 750/3686 (20%)
進捗: 760/3686 (21%)
進捗: 770/3686 (21%)
進捗: 780/3686 (21%)
進捗: 790/3686 (21%)
進捗: 800/3686 (22%)
進捗: 810/3686 (22%)
進捗: 820/3686 (22%)
進捗: 830/3686 (23%)
進捗: 840/3686 (23%)
進捗: 850/3686 (23%)
進捗: 860/3686 (23%)
進捗: 870/3686 (24%)
進捗: 880/3686 (24%)
進捗: 890/3686 (24%)
進捗: 900/3686 (24%)
進捗: 910/3686 (25%)
進捗: 920/3686 (25%)
進捗: 930/3686 (25%)
進捗: 940/3686 (26%)
進捗: 950/3686 (26%)
進捗: 960/3686 (26%)
進捗: 970/3686 (26%)
進捗: 980/3686 (27%)
進捗: 990/3686 (27%)
進捗: 1000/3686 (27%)
進捗: 1010/3686 (27%)
進捗: 1020/3686 (28%)
進捗: 1030/3686 (28%)
進捗: 1040/3686 (28%)
進捗: 1050/3686 (28%)
進捗: 1060/3686 (29%)
進捗: 1070/3686 (29%)
進捗: 1080/3686 (29%)
進捗: 1090/3686 (30%)
進捗: 1100/3686 (30%)
進捗: 1110/3686 (30%)
進捗: 1120/3686 (30%)
進捗: 1130/3686 (31%)
進捗: 1140/3686 (31%)
進捗: 1150/3686 (31%)
進捗: 1160/3686 (31%)
進捗: 1170/3686 (32%)
進捗: 1180/3686 (32%)
進捗: 1190/3686 (32%)
進捗: 1200/3686 (33%)
進捗: 1210/3686 (33%)
進捗: 1220/3686 (33%)
進捗: 1230/3686 (33%)
進捗: 1240/3686 (34%)
進捗: 1250/3686 (34%)
進捗: 1260/3686 (34%)
進捗: 1270/3686 (34%)
進捗: 1280/3686 (35%)
進捗: 1290/3686 (35%)
進捗: 1300/3686 (35%)
進捗: 1310/3686 (36%)
進捗: 1320/3686 (36%)
進捗: 1330/3686 (36%)
進捗: 1340/3686 (36%)
進捗: 1350/3686 (37%)
進捗: 1360/3686 (37%)
進捗: 1370/3686 (37%)
進捗: 1380/3686 (37%)
進捗: 1390/3686 (38%)
進捗: 1400/3686 (38%)
進捗: 1410/3686 (38%)
進捗: 1420/3686 (39%)
進捗: 1430/3686 (39%)
進捗: 1440/3686 (39%)
進捗: 1450/3686 (39%)
進捗: 1460/3686 (40%)
進捗: 1470/3686 (40%)
進捗: 1480/3686 (40%)
進捗: 1490/3686 (40%)
進捗: 1500/3686 (41%)
進捗: 1510/3686 (41%)
進捗: 1520/3686 (41%)
進捗: 1530/3686 (42%)
進捗: 1540/3686 (42%)
進捗: 1550/3686 (42%)
進捗: 1560/3686 (42%)
進捗: 1570/3686 (43%)
進捗: 1580/3686 (43%)
進捗: 1590/3686 (43%)
進捗: 1600/3686 (43%)
進捗: 1610/3686 (44%)
進捗: 1620/3686 (44%)
進捗: 1630/3686 (44%)
進捗: 1640/3686 (44%)
進捗: 1650/3686 (45%)
進捗: 1660/3686 (45%)
進捗: 1670/3686 (45%)
進捗: 1680/3686 (46%)
進捗: 1690/3686 (46%)
進捗: 1700/3686 (46%)
進捗: 1710/3686 (46%)
進捗: 1720/3686 (47%)
進捗: 1730/3686 (47%)
進捗: 1740/3686 (47%)
進捗: 1750/3686 (47%)
進捗: 1760/3686 (48%)
進捗: 1770/3686 (48%)
進捗: 1780/3686 (48%)
進捗: 1790/3686 (49%)
進捗: 1800/3686 (49%)
進捗: 1810/3686 (49%)
進捗: 1820/3686 (49%)
進捗: 1830/3686 (50%)
進捗: 1840/3686 (50%)
進捗: 1850/3686 (50%)
進捗: 1860/3686 (50%)
進捗: 1870/3686 (51%)
進捗: 1880/3686 (51%)
進捗: 1890/3686 (51%)
進捗: 1900/3686 (52%)
進捗: 1910/3686 (52%)
進捗: 1920/3686 (52%)
進捗: 1930/3686 (52%)
進捗: 1940/3686 (53%)
進捗: 1950/3686 (53%)
進捗: 1960/3686 (53%)
進捗: 1970/3686 (53%)
進捗: 1980/3686 (54%)
進捗: 1990/3686 (54%)
進捗: 2000/3686 (54%)
進捗: 2010/3686 (55%)
進捗: 2020/3686 (55%)
進捗: 2030/3686 (55%)
進捗: 2040/3686 (55%)
進捗: 2050/3686 (56%)
進捗: 2060/3686 (56%)
進捗: 2070/3686 (56%)
進捗: 2080/3686 (56%)
進捗: 2090/3686 (57%)
進捗: 2100/3686 (57%)
進捗: 2110/3686 (57%)
進捗: 2120/3686 (58%)
進捗: 2130/3686 (58%)
進捗: 2140/3686 (58%)
進捗: 2150/3686 (58%)
進捗: 2160/3686 (59%)
進捗: 2170/3686 (59%)
進捗: 2180/3686 (59%)
進捗: 2190/3686 (59%)
進捗: 2200/3686 (60%)
進捗: 2210/3686 (60%)
進捗: 2220/3686 (60%)
進捗: 2230/3686 (60%)
進捗: 2240/3686 (61%)
進捗: 2250/3686 (61%)
進捗: 2260/3686 (61%)
進捗: 2270/3686 (62%)
進捗: 2280/3686 (62%)
進捗: 2290/3686 (62%)
進捗: 2300/3686 (62%)
進捗: 2310/3686 (63%)
進捗: 2320/3686 (63%)
進捗: 2330/3686 (63%)
進捗: 2340/3686 (63%)
進捗: 2350/3686 (64%)
進捗: 2360/3686 (64%)
進捗: 2370/3686 (64%)
進捗: 2380/3686 (65%)
進捗: 2390/3686 (65%)
進捗: 2400/3686 (65%)
進捗: 2410/3686 (65%)
進捗: 2420/3686 (66%)
進捗: 2430/3686 (66%)
進捗: 2440/3686 (66%)
進捗: 2450/3686 (66%)
進捗: 2460/3686 (67%)
進捗: 2470/3686 (67%)
進捗: 2480/3686 (67%)
進捗: 2490/3686 (68%)
進捗: 2500/3686 (68%)
進捗: 2510/3686 (68%)
進捗: 2520/3686 (68%)
進捗: 2530/3686 (69%)
進捗: 2540/3686 (69%)
進捗: 2550/3686 (69%)
進捗: 2560/3686 (69%)
進捗: 2570/3686 (70%)
進捗: 2580/3686 (70%)
進捗: 2590/3686 (70%)
進捗: 2600/3686 (71%)
進捗: 2610/3686 (71%)
進捗: 2620/3686 (71%)
進捗: 2630/3686 (71%)
進捗: 2640/3686 (72%)
進捗: 2650/3686 (72%)
進捗: 2660/3686 (72%)
進捗: 2670/3686 (72%)
進捗: 2680/3686 (73%)
進捗: 2690/3686 (73%)
進捗: 2700/3686 (73%)
進捗: 2710/3686 (74%)
進捗: 2720/3686 (74%)
進捗: 2730/3686 (74%)
進捗: 2740/3686 (74%)
進捗: 2750/3686 (75%)
進捗: 2760/3686 (75%)
進捗: 2770/3686 (75%)
進捗: 2780/3686 (75%)
進捗: 2790/3686 (76%)
進捗: 2800/3686 (76%)
進捗: 2810/3686 (76%)
進捗: 2820/3686 (77%)
進捗: 2830/3686 (77%)
進捗: 2840/3686 (77%)
進捗: 2850/3686 (77%)
進捗: 2860/3686 (78%)
進捗: 2870/3686 (78%)
進捗: 2880/3686 (78%)
進捗: 2890/3686 (78%)
進捗: 2900/3686 (79%)
進捗: 2910/3686 (79%)
進捗: 2920/3686 (79%)
進捗: 2930/3686 (79%)
進捗: 2940/3686 (80%)
進捗: 2950/3686 (80%)
進捗: 2960/3686 (80%)
進捗: 2970/3686 (81%)
進捗: 2980/3686 (81%)
進捗: 2990/3686 (81%)
進捗: 3000/3686 (81%)
進捗: 3010/3686 (82%)
進捗: 3020/3686 (82%)
進捗: 3030/3686 (82%)
進捗: 3040/3686 (82%)
進捗: 3050/3686 (83%)
進捗: 3060/3686 (83%)
進捗: 3070/3686 (83%)
進捗: 3080/3686 (84%)
進捗: 3090/3686 (84%)
進捗: 3100/3686 (84%)
進捗: 3110/3686 (84%)
進捗: 3120/3686 (85%)
進捗: 3130/3686 (85%)
進捗: 3140/3686 (85%)
進捗: 3150/3686 (85%)
進捗: 3160/3686 (86%)
進捗: 3170/3686 (86%)
進捗: 3180/3686 (86%)
進捗: 3190/3686 (87%)
進捗: 3200/3686 (87%)
進捗: 3210/3686 (87%)
進捗: 3220/3686 (87%)
進捗: 3230/3686 (88%)
進捗: 3240/3686 (88%)
進捗: 3250/3686 (88%)
進捗: 3260/3686 (88%)
進捗: 3270/3686 (89%)
進捗: 3280/3686 (89%)
進捗: 3290/3686 (89%)
進捗: 3300/3686 (90%)
進捗: 3310/3686 (90%)
進捗: 3320/3686 (90%)
進捗: 3330/3686 (90%)
進捗: 3340/3686 (91%)
進捗: 3350/3686 (91%)
進捗: 3360/3686 (91%)
進捗: 3370/3686 (91%)
進捗: 3380/3686 (92%)
進捗: 3390/3686 (92%)
進捗: 3400/3686 (92%)
進捗: 3410/3686 (93%)
進捗: 3420/3686 (93%)
進捗: 3430/3686 (93%)
進捗: 3440/3686 (93%)
進捗: 3450/3686 (94%)
進捗: 3460/3686 (94%)
進捗: 3470/3686 (94%)
進捗: 3480/3686 (94%)
進捗: 3490/3686 (95%)
進捗: 3500/3686 (95%)
進捗: 3510/3686 (95%)
進捗: 3520/3686 (95%)
進捗: 3530/3686 (96%)
進捗: 3540/3686 (96%)
進捗: 3550/3686 (96%)
進捗: 3560/3686 (97%)
進捗: 3570/3686 (97%)
進捗: 3580/3686 (97%)
進捗: 3590/3686 (97%)
進捗: 3600/3686 (98%)
進捗: 3610/3686 (98%)
進捗: 3620/3686 (98%)
進捗: 3630/3686 (98%)
進捗: 3640/3686 (99%)
進捗: 3650/3686 (99%)
進捗: 3660/3686 (99%)
進捗: 3670/3686 (100%)
進捗: 3680/3686 (100%)
進捗: 3686/3686 (100%)

============================================================
📊 Neo4j同期完了
============================================================
処理法令数: 1925/3686
処理条文数: 4465
作成参照数: 16791
エラー数: 1761
処理時間: 62.41秒
処理速度: 59.1法令/秒

✅ 全法令のNeo4j同期が完了しました
