================================================================================
📝 参照検出開始（シンプル版）
================================================================================
✅ 既存の参照データをクリアしました
📊 処理対象: 8910法令
[100/8910] 142M10000008013: 0件検出 (累計: 0件)
[168/8910] 215IO0000000243: 2件検出 (累計: 0件)
[171/8910] 215M10000008036: 127件検出 (累計: 0件)
[190/8910] 306M10000040023: 1件検出 (累計: 0件)
[200/8910] 308IO0000000307: 0件検出 (累計: 0件)
[224/8910] 315M10000100005: 104件検出 (累計: 0件)
[282/8910] 322AC0000000060: 1件検出 (累計: 0件)
[285/8910] 322AC0000000067: 4件検出 (累計: 0件)
[300/8910] 322AC0000000132: 0件検出 (累計: 0件)
[335/8910] 322CO0000000016: 5件検出 (累計: 0件)
[337/8910] 322CO0000000024: 1件検出 (累計: 0件)
[370/8910] 322M4000094A001: 1件検出 (累計: 0件)
[373/8910] 322M40002000012: 57件検出 (累計: 0件)
[399/8910] 323AC0000000109: 1件検出 (累計: 0件)
[400/8910] 323AC0000000120: 0件検出 (累計: 0件)
[435/8910] 323AC0000000257: 1件検出 (累計: 0件)
[436/8910] 323AC0100000156: 4件検出 (累計: 0件)
[443/8910] 323AC1000000194: 1件検出 (累計: 0件)
[458/8910] 323CO0000000242: 2件検出 (累計: 0件)
[459/8910] 323CO0000000246: 1件検出 (累計: 0件)
[461/8910] 323CO0000000267: 1件検出 (累計: 0件)
[467/8910] 323CO0000000353: 2件検出 (累計: 0件)
[488/8910] 323M40000100035: 3件検出 (累計: 0件)
[490/8910] 323M40000100047: 2件検出 (累計: 0件)
[491/8910] 323M40000100048: 2件検出 (累計: 0件)
[492/8910] 323M40000100050: 106件検出 (累計: 0件)
[495/8910] 323M40000341001: 9件検出 (累計: 0件)
[496/8910] 323M40000800008: 2件検出 (累計: 0件)
[497/8910] 323M40000800029: 1件検出 (累計: 0件)
[498/8910] 323M40000800032: 49件検出 (累計: 0件)
[500/8910] 324AC0000000057: 0件検出 (累計: 0件)
[517/8910] 324AC0000000181: 1件検出 (累計: 0件)
[525/8910] 324AC0000000193: 1件検出 (累計: 0件)
[556/8910] 324CO0000000006: 3件検出 (累計: 0件)
[566/8910] 324CO0000000231: 5件検出 (累計: 0件)
[570/8910] 324CO0000000291: 1件検出 (累計: 0件)
[600/8910] 324M50000080028: 0件検出 (累計: 0件)
[602/8910] 324M50000400064: 1件検出 (累計: 0件)
[604/8910] 324M50000800027: 2件検出 (累計: 0件)
[606/8910] 324M50000800049: 7件検出 (累計: 0件)
[608/8910] 324M50004000014: 12件検出 (累計: 0件)
[609/8910] 324M50004000016: 4件検出 (累計: 0件)
[610/8910] 324M50010000075: 3件検出 (累計: 0件)
[658/8910] 325AC0000000179: 1件検出 (累計: 0件)
[660/8910] 325AC0000000201: 4件検出 (累計: 0件)
[666/8910] 325AC0000000226: 31件検出 (累計: 0件)
[668/8910] 325AC0000000256: 1件検出 (累計: 0件)
[673/8910] 325AC0000000290: 1件検出 (累計: 0件)
[678/8910] 325AC0100000214: 1件検出 (累計: 0件)
[692/8910] 325AC1000000247: 2件検出 (累計: 0件)
[695/8910] 325AC1000000250: 1件検出 (累計: 0件)
[696/8910] 325AC1000000251: 1件検出 (累計: 0件)
[699/8910] 325CO0000000030: 2件検出 (累計: 0件)
[700/8910] 327CO0000000405: 0件検出 (累計: 0件)
[701/8910] 325CO0000000031: 1件検出 (累計: 0件)
[708/8910] 325CO0000000089: 3件検出 (累計: 0件)
[711/8910] 325CO0000000148: 2件検出 (累計: 0件)
[719/8910] 325CO0000000201: 3件検出 (累計: 0件)
[722/8910] 325CO0000000245: 180件検出 (累計: 0件)
[725/8910] 325CO0000000277: 10件検出 (累計: 0件)
[726/8910] 325CO0000000280: 19件検出 (累計: 0件)
[728/8910] 325CO0000000338: 11件検出 (累計: 0件)
[731/8910] 325CO0000000369: 1件検出 (累計: 0件)
[733/8910] 325M50000002013: 3件検出 (累計: 0件)
[746/8910] 325M50000080012: 1件検出 (累計: 0件)
[748/8910] 325M50000100015: 6件検出 (累計: 0件)
[749/8910] 325M50000100021: 15件検出 (累計: 0件)
[752/8910] 325M50000100052: 2件検出 (累計: 0件)
[754/8910] 325M50000400088: 1件検出 (累計: 0件)
[758/8910] 325M50000800042: 1件検出 (累計: 0件)
[761/8910] 325M50000840002: 1件検出 (累計: 0件)
[766/8910] 327CO0000000421: 7件検出 (累計: 0件)
[768/8910] 325M50010000062: 2件検出 (累計: 0件)
[778/8910] 325M50080000010: 2件検出 (累計: 0件)
[781/8910] 325M50080000015: 1件検出 (累計: 0件)
[797/8910] 326AC0000000100: 1件検出 (累計: 0件)
[800/8910] 326AC0000000149: 0件検出 (累計: 0件)
[809/8910] 326AC0000000201: 1件検出 (累計: 0件)
[819/8910] 326AC0100000219: 6件検出 (累計: 0件)
[853/8910] 326CO0000000078: 1件検出 (累計: 0件)
[854/8910] 326CO0000000099: 1件検出 (累計: 0件)
[856/8910] 326CO0000000146: 1件検出 (累計: 0件)
[862/8910] 326CO0000000215: 1件検出 (累計: 0件)
[864/8910] 326CO0000000240: 6件検出 (累計: 0件)
[871/8910] 326CO0000000276: 1件検出 (累計: 0件)
[875/8910] 326CO0000000319: 7件検出 (累計: 0件)
[878/8910] 326CO0000000389: 1件検出 (累計: 0件)
[882/8910] 326M50000002005: 1件検出 (累計: 0件)
[890/8910] 326M50000040055: 2件検出 (累計: 0件)
[900/8910] 326M50000041001: 0件検出 (累計: 0件)
[906/8910] 326M50000080020: 1件検出 (累計: 0件)
[907/8910] 326M50000100004: 6件検出 (累計: 0件)
[909/8910] 326M50000100028: 40件検出 (累計: 0件)
[912/8910] 326M50000100033: 4件検出 (累計: 0件)
[913/8910] 326M50000100034: 1件検出 (累計: 0件)
[916/8910] 326M50000100053: 3件検出 (累計: 0件)
[922/8910] 326M50000400002: 3件検出 (累計: 0件)
[924/8910] 326M50000400004: 3件検出 (累計: 0件)
[936/8910] 326M50000800074: 12件検出 (累計: 0件)
[937/8910] 326M50000800075: 11件検出 (累計: 0件)
[940/8910] 326M50000800085: 2件検出 (累計: 0件)
[941/8910] 326M50000800091: 8件検出 (累計: 0件)
[942/8910] 326M50000800098: 38件検出 (累計: 1000件)
[946/8910] 326M50004000019: 9件検出 (累計: 1000件)
[947/8910] 326M50004000033: 2件検出 (累計: 1000件)
[949/8910] 326M50004800002: 1件検出 (累計: 1000件)
[952/8910] 326M50010000023: 1件検出 (累計: 1000件)
[958/8910] 326M50010000054: 1件検出 (累計: 1000件)
[985/8910] 327AC0000000111: 4件検出 (累計: 1000件)
[986/8910] 327AC0000000112: 4件検出 (累計: 1000件)
[987/8910] 327AC0000000113: 1件検出 (累計: 1000件)
[997/8910] 327AC0000000127: 1件検出 (累計: 1000件)
[1000/8910] 327AC0000000140: 0件検出 (累計: 1000件)
[1002/8910] 327AC0000000174: 1件検出 (累計: 1000件)
[1013/8910] 327AC0000000231: 9件検出 (累計: 1000件)
[1019/8910] 327M50000002030: 2件検出 (累計: 1000件)
[1025/8910] 327AC0000000289: 2件検出 (累計: 1000件)
[1077/8910] 327CO0000000124: 2件検出 (累計: 1000件)
[1085/8910] 327CO0000000143: 7件検出 (累計: 1000件)
[1089/8910] 327CO0000000149: 9件検出 (累計: 1000件)
[1093/8910] 327CO0000000211: 1件検出 (累計: 1000件)
[1100/8910] 327M50000040131: 0件検出 (累計: 1000件)
[1101/8910] 327CO0000000286: 5件検出 (累計: 1000件)
[1108/8910] 327CO0000000343: 1件検出 (累計: 1000件)
[1111/8910] 327CO0000000368: 1件検出 (累計: 1000件)
[1118/8910] 327M50000100032: 1件検出 (累計: 1000件)
[1127/8910] 327M50000800056: 42件検出 (累計: 1000件)
[1135/8910] 327M50004000025: 9件検出 (累計: 1000件)
[1142/8910] 327R00000001003: 2件検出 (累計: 1000件)
[1154/8910] 329M50010000056: 2件検出 (累計: 1000件)
[1178/8910] 330AC0000000097: 3件検出 (累計: 1000件)
[1191/8910] 330CO0000000047: 1件検出 (累計: 1000件)
[1197/8910] 330CO0000000137: 2件検出 (累計: 1000件)
[1199/8910] 330CO0000000221: 4件検出 (累計: 1000件)
[1200/8910] 330CO0000000228: 0件検出 (累計: 1000件)
[1207/8910] 330CO0000000286: 1件検出 (累計: 1000件)
[1237/8910] 328AC0000000160: 1件検出 (累計: 1000件)
[1242/8910] 330M50000100023: 1件検出 (累計: 1000件)
[1250/8910] 330M50000800066: 2件検出 (累計: 1000件)
[1252/8910] 330M50002000022: 7件検出 (累計: 1000件)
[1253/8910] 330M50004000005: 2件検出 (累計: 1000件)
[1264/8910] 331AC0000000080: 3件検出 (累計: 1000件)
[1267/8910] 331AC0000000086: 1件検出 (累計: 1000件)
[1300/8910] 328CO0000000057: 2件検出 (累計: 1000件)
[1305/8910] 328CO0000000141: 2件検出 (累計: 1000件)
[1313/8910] 328CO0000000215: 8件検出 (累計: 1000件)
[1314/8910] 328CO0000000216: 1件検出 (累計: 1000件)
[1315/8910] 328CO0000000229: 7件検出 (累計: 1000件)
[1322/8910] 328CO0000000240: 7件検出 (累計: 1000件)
[1323/8910] 328CO0000000242: 6件検出 (累計: 1000件)
[1339/8910] 328CO0000000322: 7件検出 (累計: 1000件)
[1340/8910] 328CO0000000340: 16件検出 (累計: 1000件)
[1343/8910] 331AC0000000132: 1件検出 (累計: 1000件)
[1346/8910] 328CO0000000382: 1件検出 (累計: 1000件)
[1347/8910] 328CO0000000383: 1件検出 (累計: 1000件)
[1365/8910] 328CO0000000425: 2件検出 (累計: 1000件)
[1373/8910] 328M50000040011: 6件検出 (累計: 1000件)
[1378/8910] 328M50000080028: 12件検出 (累計: 1000件)
[1379/8910] 328M50000100014: 3件検出 (累計: 1000件)
[1383/8910] 328M50000100042: 1件検出 (累計: 1000件)
[1384/8910] 328M50000100043: 1件検出 (累計: 1000件)
[1385/8910] 328M50000100044: 1件検出 (累計: 1000件)
[1387/8910] 328M50000100055: 1件検出 (累計: 1000件)
[1390/8910] 328M50000400043: 1件検出 (累計: 1000件)
[1391/8910] 328M50000400052: 1件検出 (累計: 1000件)
[1398/8910] 328M50000800051: 4件検出 (累計: 1000件)
[1400/8910] 328M50000800081: 3件検出 (累計: 1000件)
[1409/8910] 328M50200000001: 2件検出 (累計: 1000件)
[1439/8910] 331CO0000000107: 8件検出 (累計: 1000件)
[1444/8910] 331CO0000000221: 1件検出 (累計: 1000件)
[1447/8910] 331CO0000000249: 1件検出 (累計: 1000件)
[1451/8910] 331CO0000000273: 13件検出 (累計: 1000件)
[1452/8910] 331CO0000000285: 2件検出 (累計: 1000件)
[1453/8910] 331CO0000000290: 6件検出 (累計: 1000件)
[1459/8910] 331CO0000000346: 1件検出 (累計: 1000件)
[1461/8910] 331M50000002007: 6件検出 (累計: 1000件)
[1462/8910] 331M50000002031: 14件検出 (累計: 1000件)
[1465/8910] 331M50000002093: 4件検出 (累計: 1000件)
[1470/8910] 329AC0000000120: 2件検出 (累計: 1000件)
[1476/8910] 331M50000080028: 1件検出 (累計: 1000件)
[1500/8910] 331M50000800043: 0件検出 (累計: 1000件)
[1504/8910] 329CO0000000103: 1件検出 (累計: 1000件)
[1505/8910] 329CO0000000110: 47件検出 (累計: 1000件)
[1514/8910] 329CO0000000155: 3件検出 (累計: 1000件)
[1518/8910] 329CO0000000179: 22件検出 (累計: 1000件)
[1521/8910] 329CO0000000210: 3件検出 (累計: 1000件)
[1532/8910] 329M50000002023: 632件検出 (累計: 2000件)
[1556/8910] 331M50004000018: 1件検出 (累計: 2000件)
[1559/8910] 331M50004000030: 2件検出 (累計: 2000件)
[1563/8910] 329M50000042001: 1件検出 (累計: 2000件)
[1564/8910] 329M50000080020: 2件検出 (累計: 2000件)
[1568/8910] 331M50014800001: 1件検出 (累計: 2000件)
[1569/8910] 329M50000080024: 3件検出 (累計: 2000件)
[1575/8910] 329M50000100026: 1件検出 (累計: 2000件)
[1576/8910] 329M50000100037: 61件検出 (累計: 2000件)
[1595/8910] 332AC0000000104: 1件検出 (累計: 2000件)
[1600/8910] 335CO0000000004: 0件検出 (累計: 2000件)
[1607/8910] 335CO0000000016: 2件検出 (累計: 2000件)
[1633/8910] 335CO0000000069: 9件検出 (累計: 2000件)
[1640/8910] 335CO0000000270: 3件検出 (累計: 2000件)
[1642/8910] 335CO0000000292: 11件検出 (累計: 2000件)
[1645/8910] 335M50000002056: 2件検出 (累計: 2000件)
[1652/8910] 335M50000100012: 178件検出 (累計: 2000件)
[1653/8910] 335M50000100016: 1件検出 (累計: 2000件)
[1655/8910] 335M50000400010: 12件検出 (累計: 2000件)
[1671/8910] 332CO0000000112: 4件検出 (累計: 2000件)
[1674/8910] 335M50000400058: 1件検出 (累計: 2000件)
[1683/8910] 332CO0000000152: 4件検出 (累計: 2000件)
[1685/8910] 332CO0000000188: 8件検出 (累計: 2000件)
[1689/8910] 332CO0000000205: 1件検出 (累計: 2000件)
[1700/8910] 342AC0000000092: 0件検出 (累計: 2000件)
[1704/8910] 332CO0000000321: 1件検出 (累計: 2000件)
[1705/8910] 332CO0000000324: 3件検出 (累計: 2000件)
[1710/8910] 332CO0000000336: 1件検出 (累計: 2000件)
[1713/8910] 332M50000002005: 1件検出 (累計: 2000件)
[1715/8910] 332M50000002021: 1件検出 (累計: 2000件)
[1718/8910] 332M50000002080: 4件検出 (累計: 2000件)
[1719/8910] 332M50000002083: 1件検出 (累計: 2000件)
[1720/8910] 332M50000002084: 1件検出 (累計: 2000件)
[1732/8910] 332M50000080006: 2件検出 (累計: 2000件)
[1743/8910] 336AC0000000147: 2件検出 (累計: 2000件)
[1745/8910] 336AC0000000150: 2件検出 (累計: 2000件)
[1749/8910] 336AC0000000183: 2件検出 (累計: 2000件)
[1761/8910] 336AC0000000238: 2件検出 (累計: 2000件)
[1763/8910] 336CO0000000011: 32件検出 (累計: 2000件)
[1771/8910] 336CO0000000198: 1件検出 (累計: 2000件)
[1772/8910] 336CO0000000258: 1件検出 (累計: 2000件)
[1776/8910] 336CO0000000341: 3件検出 (累計: 2000件)
[1779/8910] 336CO0000000387: 8件検出 (累計: 2000件)
[1780/8910] 336CO0000000405: 16件検出 (累計: 2000件)
[1791/8910] 336M50000100001: 44件検出 (累計: 2000件)
[1795/8910] 332M50000100038: 1件検出 (累計: 2000件)
[1796/8910] 332M50000100041: 1件検出 (累計: 2000件)
[1798/8910] 332M50000100045: 22件検出 (累計: 2000件)
[1800/8910] 336M50000100005: 4件検出 (累計: 2000件)
[1804/8910] 332M50000402001: 1件検出 (累計: 2000件)
[1806/8910] 336M50000100051: 6件検出 (累計: 2000件)
[1812/8910] 336M50000400095: 10件検出 (累計: 2000件)
[1814/8910] 332M50004000012: 37件検出 (累計: 2000件)
[1817/8910] 332M50004010001: 1件検出 (累計: 2000件)
[1823/8910] 332RJNJ09006000: 1件検出 (累計: 2000件)
[1833/8910] 336M50004000025: 1件検出 (累計: 2000件)
[1839/8910] 336M50010000058: 1件検出 (累計: 2000件)
[1842/8910] 336M50010002001: 7件検出 (累計: 2000件)
[1846/8910] 336RJNJ09034000: 1件検出 (累計: 2000件)
[1866/8910] 333CO0000000043: 18件検出 (累計: 2000件)
[1867/8910] 333CO0000000045: 1件検出 (累計: 2000件)
[1869/8910] 333CO0000000112: 1件検出 (累計: 2000件)
[1876/8910] 333CO0000000185: 2件検出 (累計: 2000件)
[1878/8910] 333CO0000000189: 3件検出 (累計: 2000件)
[1879/8910] 333CO0000000202: 4件検出 (累計: 2000件)
[1880/8910] 333CO0000000207: 2件検出 (累計: 2000件)
[1884/8910] 333CO0000000256: 3件検出 (累計: 2000件)
[1891/8910] 333CO0000000341: 1件検出 (累計: 2000件)
[1892/8910] 333CO0000000362: 5件検出 (累計: 2000件)
[1894/8910] 333M50000002016: 1件検出 (累計: 2000件)
[1900/8910] 333M50000010038: 1件検出 (累計: 2000件)
[1907/8910] 333M50000040054: 56件検出 (累計: 2000件)
[1911/8910] 333M50000100024: 5件検出 (累計: 2000件)
[1913/8910] 333M50000100046: 2件検出 (累計: 2000件)
[1914/8910] 333M50000100053: 99件検出 (累計: 2000件)
[1915/8910] 337AC0000000069: 2件検出 (累計: 2000件)
[1931/8910] 334AC0000000121: 8件検出 (累計: 2000件)
[1937/8910] 334AC0000000127: 2件検出 (累計: 2000件)
[1939/8910] 334AC0000000135: 2件検出 (累計: 2000件)
[1948/8910] 334AC1000000007: 1件検出 (累計: 2000件)
[1951/8910] 334CO0000000041: 3件検出 (累計: 2000件)
[1952/8910] 334CO0000000051: 2件検出 (累計: 2000件)
[1954/8910] 334CO0000000147: 1件検出 (累計: 2000件)
[1958/8910] 334CO0000000184: 249件検出 (累計: 3000件)
[1970/8910] 334M50000002055: 1件検出 (累計: 3000件)
[1972/8910] 334M50000002062: 1件検出 (累計: 3000件)
[1991/8910] 334M50000800035: 3件検出 (累計: 3000件)
[1993/8910] 334M50000800046: 1件検出 (累計: 3000件)
[1996/8910] 334M50000800053: 2件検出 (累計: 3000件)
[1997/8910] 334M50002000016: 1件検出 (累計: 3000件)
[1999/8910] 334M50002000023: 36件検出 (累計: 3000件)
[2000/8910] 334M50010000022: 0件検出 (累計: 3000件)
[2021/8910] 337CO0000000044: 1件検出 (累計: 3000件)
[2024/8910] 337CO0000000097: 1件検出 (累計: 3000件)
[2026/8910] 337CO0000000215: 1件検出 (累計: 3000件)
[2028/8910] 337CO0000000271: 6件検出 (累計: 3000件)
[2029/8910] 337CO0000000288: 3件検出 (累計: 3000件)
[2030/8910] 337CO0000000301: 1件検出 (累計: 3000件)
[2032/8910] 337CO0000000321: 5件検出 (累計: 3000件)
[2034/8910] 337CO0000000329: 2件検出 (累計: 3000件)
[2036/8910] 337CO0000000352: 7件検出 (累計: 3000件)
[2039/8910] 337CO0000000393: 7件検出 (累計: 3000件)
[2049/8910] 337M50000002052: 11件検出 (累計: 3000件)
[2051/8910] 337M50000008014: 2件検出 (累計: 3000件)
[2053/8910] 337M50000008020: 69件検出 (累計: 3000件)
[2064/8910] 337M5000008A001: 13件検出 (累計: 3000件)
[2065/8910] 337M50000400014: 9件検出 (累計: 3000件)
[2066/8910] 337M50000400084: 3件検出 (累計: 3000件)
[2071/8910] 337M50000800049: 6件検出 (累計: 3000件)
[2072/8910] 337M50004000003: 4件検出 (累計: 3000件)
[2073/8910] 337M50004000019: 1件検出 (累計: 3000件)
[2080/8910] 337M50010010001: 1件検出 (累計: 3000件)
[2100/8910] 338AC0000000147: 0件検出 (累計: 3000件)
[2114/8910] 338CO0000000247: 3件検出 (累計: 3000件)
[2120/8910] 338CO0000000358: 4件検出 (累計: 3000件)
[2130/8910] 338M50000040059: 1件検出 (累計: 3000件)
[2132/8910] 338M50000100010: 1件検出 (累計: 3000件)
[2134/8910] 338M50000100028: 22件検出 (累計: 3000件)
[2137/8910] 338M50000400143: 1件検出 (累計: 3000件)
[2141/8910] 338M50000800041: 6件検出 (累計: 3000件)
[2143/8910] 338M50004000025: 2件検出 (累計: 3000件)
[2159/8910] 339AC0000000134: 1件検出 (累計: 3000件)
[2171/8910] 342AC0000000121: 2件検出 (累計: 3000件)
[2176/8910] 339CO0000000224: 14件検出 (累計: 3000件)
[2177/8910] 339CO0000000233: 5件検出 (累計: 3000件)
[2180/8910] 339CO0000000293: 6件検出 (累計: 3000件)
[2183/8910] 339CO0000000383: 15件検出 (累計: 3000件)
[2200/8910] 339M50000100008: 0件検出 (累計: 3000件)
[2202/8910] 339M50000100032: 22件検出 (累計: 3000件)
[2207/8910] 339M50000800053: 4件検出 (累計: 3000件)
[2214/8910] 339M50002000019: 2件検出 (累計: 3000件)
[2215/8910] 339M50002400002: 1件検出 (累計: 3000件)
[2219/8910] 339M50010000035: 4件検出 (累計: 3000件)
[2223/8910] 339RJNJ09017000: 1件検出 (累計: 3000件)
[2244/8910] 340CO0000000014: 1件検出 (累計: 3000件)
[2264/8910] 340CO0000000277: 2件検出 (累計: 3000件)
[2269/8910] 340CO0000000321: 84件検出 (累計: 3000件)
[2276/8910] 340M50000002042: 1件検出 (累計: 3000件)
[2287/8910] 340M50000100047: 1件検出 (累計: 3000件)
[2288/8910] 340M50000100055: 3件検出 (累計: 3000件)
[2289/8910] 340M50000400003: 1件検出 (累計: 3000件)
[2300/8910] 340M50000800039: 0件検出 (累計: 3000件)
[2306/8910] 340M50004000029: 1件検出 (累計: 3000件)
[2340/8910] 341CO0000000103: 3件検出 (累計: 3000件)
[2341/8910] 341CO0000000122: 2件検出 (累計: 3000件)
[2353/8910] 341CO0000000318: 5件検出 (累計: 3000件)
[2356/8910] 341CO0000000384: 4件検出 (累計: 3000件)
[2367/8910] 341M50000002037: 1件検出 (累計: 3000件)
[2371/8910] 341M50000008002: 1件検出 (累計: 3000件)
[2387/8910] 342CO0000000027: 1件検出 (累計: 3000件)
[2400/8910] 341M50000400050: 3件検出 (累計: 3000件)
[2401/8910] 341M50000400051: 2件検出 (累計: 3000件)
[2403/8910] 341M50000400052: 8件検出 (累計: 3000件)
[2404/8910] 341M50000400053: 8件検出 (累計: 3000件)
[2405/8910] 342CO0000000226: 1件検出 (累計: 3000件)
[2410/8910] 341M50002000023: 1件検出 (累計: 3000件)
[2418/8910] 341M50010040002: 1件検出 (累計: 3000件)
[2421/8910] 342CO0000000276: 1件検出 (累計: 3000件)
[2423/8910] 342CO0000000284: 2件検出 (累計: 3000件)
[2424/8910] 342CO0000000292: 9件検出 (累計: 3000件)
[2426/8910] 342CO0000000317: 2件検出 (累計: 3000件)
[2427/8910] 342CO0000000322: 8件検出 (累計: 3000件)
[2431/8910] 350M50000100034: 2件検出 (累計: 3000件)
[2435/8910] 350M50000800046: 1件検出 (累計: 3000件)
[2436/8910] 350M50002000003: 210件検出 (累計: 3000件)
[2437/8910] 350M50002000020: 3件検出 (累計: 3000件)
[2439/8910] 350M50004000020: 8件検出 (累計: 3000件)
[2455/8910] 351CO0000000129: 1件検出 (累計: 3000件)
[2466/8910] 351CO0000000280: 1件検出 (累計: 3000件)
[2467/8910] 351CO0000000289: 4件検出 (累計: 3000件)
[2468/8910] 351CO0000000295: 20件検出 (累計: 3000件)
[2487/8910] 342M50000008027: 2件検出 (累計: 3000件)
[2497/8910] 342M50000100041: 1件検出 (累計: 3000件)
[2500/8910] 342M50000800086: 0件検出 (累計: 3000件)
[2501/8910] 342M50000900001: 3件検出 (累計: 3000件)
[2505/8910] 342M50004000002: 11件検出 (累計: 3000件)
[2506/8910] 342M50004000003: 2件検出 (累計: 3000件)
[2525/8910] 343CO0000000009: 1件検出 (累計: 3000件)
[2528/8910] 343CO0000000027: 1件検出 (累計: 3000件)
[2532/8910] 343CO0000000142: 18件検出 (累計: 3000件)
[2533/8910] 343CO0000000143: 23件検出 (累計: 3000件)
[2551/8910] 343CO0000000329: 2件検出 (累計: 3000件)
[2564/8910] 343M50000400023: 5件検出 (累計: 3000件)
[2592/8910] 344CO0000000158: 22件検出 (累計: 3000件)
[2595/8910] 344CO0000000206: 1件検出 (累計: 3000件)
[2597/8910] 344CO0000000232: 16件検出 (累計: 3000件)
[2600/8910] 344CO0000000286: 0件検出 (累計: 3000件)
[2616/8910] 344M50002000024: 38件検出 (累計: 3000件)
[2618/8910] 344M50004000049: 11件検出 (累計: 3000件)
[2619/8910] 344M50004000054: 7件検出 (累計: 3000件)
[2624/8910] 344M50010000045: 4件検出 (累計: 3000件)
[2641/8910] 345AC0000000108: 2件検出 (累計: 3000件)
[2661/8910] 345CO0000000013: 4件検出 (累計: 3000件)
[2663/8910] 345CO0000000048: 1件検出 (累計: 3000件)
[2672/8910] 345CO0000000202: 4件検出 (累計: 3000件)
[2673/8910] 345CO0000000207: 1件検出 (累計: 3000件)
[2674/8910] 351M50000100036: 1件検出 (累計: 3000件)
[2685/8910] 345CO0000000335: 3件検出 (累計: 3000件)
[2686/8910] 345CO0000000350: 3件検出 (累計: 3000件)
[2700/8910] 345M50000400097: 0件検出 (累計: 3000件)
[2704/8910] 345M50000800066: 3件検出 (累計: 3000件)
[2713/8910] 345RJNJ09055000: 2件検出 (累計: 3000件)
[2716/8910] 346AC0000000034: 35件検出 (累計: 3000件)
[2734/8910] 346AC0000000111: 1件検出 (累計: 3000件)
[2739/8910] 346CO0000000111: 31件検出 (累計: 4000件)
[2741/8910] 346CO0000000146: 1件検出 (累計: 4000件)
[2742/8910] 346CO0000000188: 3件検出 (累計: 4000件)
[2750/8910] 346CO0000000264: 1件検出 (累計: 4000件)
[2755/8910] 346CO0000000300: 10件検出 (累計: 4000件)
[2757/8910] 346CO0000000332: 52件検出 (累計: 4000件)
[2763/8910] 346M50000002010: 1件検出 (累計: 4000件)
[2769/8910] 346M50000008013: 1件検出 (累計: 4000件)
[2771/8910] 346M50000040028: 6件検出 (累計: 4000件)
[2777/8910] 346M50000100002: 1件検出 (累計: 4000件)
[2779/8910] 346M50000100028: 4件検出 (累計: 4000件)
[2780/8910] 346M50000100033: 1件検出 (累計: 4000件)
[2781/8910] 346M50000100035: 96件検出 (累計: 4000件)
[2785/8910] 346M50000400027: 5件検出 (累計: 4000件)
[2786/8910] 346M50000402002: 1件検出 (累計: 4000件)
[2789/8910] 346M50000800038: 54件検出 (累計: 4000件)
[2790/8910] 346M50000800061: 9件検出 (累計: 4000件)
[2792/8910] 346M50002000024: 28件検出 (累計: 4000件)
[2793/8910] 346M50002000027: 37件検出 (累計: 4000件)
[2800/8910] 346M50010000040: 0件検出 (累計: 4000件)
[2806/8910] 346M50010002002: 1件検出 (累計: 4000件)
[2807/8910] 346M50010D40003: 3件検出 (累計: 4000件)
[2818/8910] 347AC0000000041: 1件検出 (累計: 4000件)
[2821/8910] 347AC0000000057: 8件検出 (累計: 4000件)
[2848/8910] 347CO0000000106: 1件検出 (累計: 4000件)
[2849/8910] 347CO0000000108: 6件検出 (累計: 4000件)
[2852/8910] 347CO0000000115: 2件検出 (累計: 4000件)
[2861/8910] 347CO0000000167: 3件検出 (累計: 4000件)
[2866/8910] 347CO0000000186: 1件検出 (累計: 4000件)
[2873/8910] 347CO0000000284: 6件検出 (累計: 4000件)
[2875/8910] 347CO0000000318: 16件検出 (累計: 4000件)
[2879/8910] 347CO0000000420: 3件検出 (累計: 4000件)
[2880/8910] 347CO0000000431: 1件検出 (累計: 4000件)
[2881/8910] 347CO0000000432: 4件検出 (累計: 4000件)
[2886/8910] 347M50000002047: 1件検出 (累計: 4000件)
[2890/8910] 347M50000008026: 2件検出 (累計: 4000件)
[2891/8910] 347M50000008028: 2件検出 (累計: 4000件)
[2894/8910] 347M50000040026: 3件検出 (累計: 4000件)
[2897/8910] 347M50000042001: 6件検出 (累計: 4000件)
[2900/8910] 347M50000100011: 29件検出 (累計: 4000件)
[2901/8910] 347M50000100022: 1件検出 (累計: 4000件)
[2922/8910] 347M50002000008: 9件検出 (累計: 4000件)
[2924/8910] 347M50002000018: 3件検出 (累計: 4000件)
[2925/8910] 347M50002000032: 42件検出 (累計: 4000件)
[2926/8910] 347M50002000033: 3件検出 (累計: 4000件)
[2927/8910] 347M50002000034: 2件検出 (累計: 4000件)
[2933/8910] 347M50002000040: 1件検出 (累計: 4000件)
[2937/8910] 347M50002000044: 2件検出 (累計: 4000件)
[2943/8910] 347M50004008001: 1件検出 (累計: 4000件)
[2950/8910] 347M50800000003: 2件検出 (累計: 4000件)
[2957/8910] 348AC0000000053: 4件検出 (累計: 4000件)
[2978/8910] 348CO0000000201: 1件検出 (累計: 4000件)
[2981/8910] 348CO0000000281: 1件検出 (累計: 4000件)
[2986/8910] 348CO0000000374: 9件検出 (累計: 4000件)
[2994/8910] 348M50000008026: 4件検出 (累計: 4000件)
[2997/8910] 348M50000040005: 6件検出 (累計: 4000件)
[2999/8910] 348M50000040047: 8件検出 (累計: 4000件)
[3000/8910] 348M50000040053: 0件検出 (累計: 4000件)
[3003/8910] 348M50000400060: 1件検出 (累計: 4000件)
[3006/8910] 348M50000800009: 1件検出 (累計: 4000件)
[3013/8910] 348M50002000023: 1件検出 (累計: 4000件)
[3015/8910] 348M50004010002: 1件検出 (累計: 4000件)
[3022/8910] 348RJNJ16002000: 1件検出 (累計: 4000件)
[3036/8910] 349CO0000000004: 1件検出 (累計: 4000件)
[3038/8910] 349CO0000000027: 3件検出 (累計: 4000件)
[3050/8910] 349CO0000000273: 1件検出 (累計: 4000件)
[3051/8910] 349CO0000000285: 2件検出 (累計: 4000件)
[3057/8910] 349CO0000000387: 12件検出 (累計: 4000件)
[3062/8910] 349M50000002072: 10件検出 (累計: 4000件)
[3063/8910] 349M50000008014: 1件検出 (累計: 4000件)
[3064/8910] 349M50000040022: 1件検出 (累計: 4000件)
[3065/8910] 349M50000040023: 1件検出 (累計: 4000件)
[3068/8910] 349M50000100034: 1件検出 (累計: 4000件)
[3070/8910] 349M50000400018: 7件検出 (累計: 4000件)
[3072/8910] 349M50000402004: 1件検出 (累計: 4000件)
[3081/8910] 349M50004000011: 1件検出 (累計: 4000件)
[3084/8910] 349M50010040001: 1件検出 (累計: 4000件)
[3100/8910] 350AC1000000061: 0件検出 (累計: 4000件)
[3102/8910] 350CO0000000025: 24件検出 (累計: 4000件)
[3104/8910] 350CO0000000161: 2件検出 (累計: 4000件)
[3105/8910] 350CO0000000207: 9件検出 (累計: 4000件)
[3107/8910] 350CO0000000267: 3件検出 (累計: 4000件)
[3108/8910] 350CO0000000277: 8件検出 (累計: 4000件)
[3109/8910] 350CO0000000306: 2件検出 (累計: 4000件)
[3111/8910] 350M50000002014: 6件検出 (累計: 4000件)
[3116/8910] 351M50000400089: 91件検出 (累計: 4000件)
[3122/8910] 351M50000800003: 1件検出 (累計: 4000件)
[3123/8910] 351M50000800025: 1件検出 (累計: 4000件)
[3127/8910] 351M50002000029: 26件検出 (累計: 4000件)
[3128/8910] 351M50002000038: 114件検出 (累計: 4000件)
[3150/8910] 352CO0000000033: 7件検出 (累計: 4000件)
[3157/8910] 352CO0000000317: 31件検出 (累計: 4000件)
[3159/8910] 352CO0000000329: 3件検出 (累計: 4000件)
[3173/8910] 352M50000800019: 1件検出 (累計: 4000件)
[3177/8910] 352M50000800039: 4件検出 (累計: 4000件)
[3178/8910] 352M50000800040: 1件検出 (累計: 4000件)
[3179/8910] 352M50002000030: 4件検出 (累計: 4000件)
[3200/8910] 353CO0000000167: 0件検出 (累計: 4000件)
[3209/8910] 353CO0000000379: 1件検出 (累計: 4000件)
[3211/8910] 353CO0000000385: 4件検出 (累計: 4000件)
[3225/8910] 353M50000400077: 2件検出 (累計: 4000件)
[3229/8910] 353M50000800070: 1件検出 (累計: 4000件)
[3252/8910] 354CO0000000298: 1件検出 (累計: 4000件)
[3260/8910] 354M50000002038: 5件検出 (累計: 4000件)
[3265/8910] 406CO0000000140: 3件検出 (累計: 4000件)
[3297/8910] 355CO0000000156: 2件検出 (累計: 4000件)
[3300/8910] 355CO0000000219: 1件検出 (累計: 4000件)
[3305/8910] 355CO0000000259: 6件検出 (累計: 4000件)
[3307/8910] 355CO0000000260: 3件検出 (累計: 4000件)
[3308/8910] 355CO0000000261: 3件検出 (累計: 4000件)
[3309/8910] 406CO0000000308: 1件検出 (累計: 4000件)
[3311/8910] 355CO0000000273: 9件検出 (累計: 4000件)
[3312/8910] 406CO0000000342: 2件検出 (累計: 4000件)
[3313/8910] 355CO0000000276: 4件検出 (累計: 4000件)
[3314/8910] 355CO0000000287: 11件検出 (累計: 4000件)
[3315/8910] 406CO0000000348: 17件検出 (累計: 4000件)
[3318/8910] 406CO0000000365: 3件検出 (累計: 4000件)
[3321/8910] 406CO0000000371: 2件検出 (累計: 4000件)
[3334/8910] 355M50000200034: 4件検出 (累計: 4000件)
[3341/8910] 406M50000008015: 1件検出 (累計: 4000件)
[3342/8910] 406M50000008017: 2件検出 (累計: 4000件)
[3343/8910] 406M50000008045: 10件検出 (累計: 5000件)
[3353/8910] 406M50000050005: 12件検出 (累計: 5000件)
[3357/8910] 406M50000100063: 11件検出 (累計: 5000件)
[3366/8910] 355M50004000012: 12件検出 (累計: 5000件)
[3368/8910] 355M50007FC2001: 1件検出 (累計: 5000件)
[3384/8910] 356CO0000000170: 3件検出 (累計: 5000件)
[3387/8910] 356CO0000000316: 5件検出 (累計: 5000件)
[3388/8910] 356CO0000000330: 5件検出 (累計: 5000件)
[3396/8910] 356M50000010054: 3件検出 (累計: 5000件)
[3400/8910] 356M50000080033: 0件検出 (累計: 5000件)
[3403/8910] 356M50000800047: 3件検出 (累計: 5000件)
[3405/8910] 356M50000800049: 2件検出 (累計: 5000件)
[3406/8910] 356M50000900002: 1件検出 (累計: 5000件)
[3407/8910] 356M50001000037: 1件検出 (累計: 5000件)
[3413/8910] 356M50004800004: 3件検出 (累計: 5000件)
[3417/8910] 357AC0000000080: 3件検出 (累計: 5000件)
[3423/8910] 357CO0000000040: 12件検出 (累計: 5000件)
[3425/8910] 357CO0000000044: 6件検出 (累計: 5000件)
[3426/8910] 357CO0000000046: 12件検出 (累計: 5000件)
[3428/8910] 357CO0000000050: 2件検出 (累計: 5000件)
[3431/8910] 357CO0000000308: 1件検出 (累計: 5000件)
[3435/8910] 357M50000040010: 17件検出 (累計: 5000件)
[3436/8910] 357M50000040013: 9件検出 (累計: 5000件)
[3437/8910] 357M50000040015: 16件検出 (累計: 5000件)
[3438/8910] 357M50000040016: 4件検出 (累計: 5000件)
[3443/8910] 357M50002040001: 14件検出 (累計: 5000件)
[3444/8910] 357M50004000016: 1件検出 (累計: 5000件)
[3452/8910] 358CO0000000013: 1件検出 (累計: 5000件)
[3454/8910] 358CO0000000104: 1件検出 (累計: 5000件)
[3456/8910] 358CO0000000181: 22件検出 (累計: 5000件)
[3459/8910] 358M50000002001: 3件検出 (累計: 5000件)
[3461/8910] 358M50000002044: 1件検出 (累計: 5000件)
[3465/8910] 358M50000040040: 1件検出 (累計: 5000件)
[3467/8910] 358M50000200039: 2件検出 (累計: 5000件)
[3470/8910] 358M50000800039: 5件検出 (累計: 5000件)
[3476/8910] 358M50400000002: 2件検出 (累計: 5000件)
[3486/8910] 359CO0000000036: 3件検出 (累計: 5000件)
[3495/8910] 359CO0000000319: 19件検出 (累計: 5000件)
[3497/8910] 359M50000002005: 1件検出 (累計: 5000件)
[3500/8910] 359M50000010039: 0件検出 (累計: 5000件)
[3515/8910] 360AC0000000088: 8件検出 (累計: 5000件)
[3518/8910] 360CO0000000021: 1件検出 (累計: 5000件)
[3523/8910] 360CO0000000037: 5件検出 (累計: 5000件)
[3524/8910] 360CO0000000068: 1件検出 (累計: 5000件)
[3527/8910] 360CO0000000212: 2件検出 (累計: 5000件)
[3530/8910] 360M50000002007: 1件検出 (累計: 5000件)
[3532/8910] 360M50000008028: 2件検出 (累計: 5000件)
[3535/8910] 360M50000040005: 2件検出 (累計: 5000件)
[3541/8910] 360M50001000023: 4件検出 (累計: 5000件)
[3542/8910] 360M50001000025: 21件検出 (累計: 5000件)
[3546/8910] 360M50001000030: 4件検出 (累計: 5000件)
[3549/8910] 360M50004000007: 14件検出 (累計: 5000件)
[3552/8910] 360M50400000001: 2件検出 (累計: 5000件)
[3553/8910] 360M50400000002: 1件検出 (累計: 5000件)
[3564/8910] 361AC0000000042: 1件検出 (累計: 5000件)
[3576/8910] 361AC0000000093: 2件検出 (累計: 5000件)
[3577/8910] 361CO0000000054: 59件検出 (累計: 5000件)
[3578/8910] 361CO0000000056: 3件検出 (累計: 5000件)
[3580/8910] 361CO0000000095: 4件検出 (累計: 5000件)
[3582/8910] 361CO0000000191: 1件検出 (累計: 5000件)
[3587/8910] 361CO0000000252: 3件検出 (累計: 5000件)
[3591/8910] 361CO0000000340: 6件検出 (累計: 5000件)
[3600/8910] 361M50000400027: 0件検出 (累計: 5000件)
[3602/8910] 361M50000400088: 8件検出 (累計: 5000件)
[3603/8910] 361M50000800001: 6件検出 (累計: 5000件)
[3605/8910] 361M50000800027: 4件検出 (累計: 5000件)
[3607/8910] 361M50002000002: 3件検出 (累計: 5000件)
[3609/8910] 361M50002000020: 47件検出 (累計: 5000件)
[3613/8910] 362AC0000000029: 1件検出 (累計: 5000件)
[3644/8910] 362CO0000000275: 6件検出 (累計: 5000件)
[3645/8910] 362CO0000000291: 6件検出 (累計: 5000件)
[3646/8910] 362CO0000000298: 1件検出 (累計: 5000件)
[3649/8910] 362CO0000000363: 1件検出 (累計: 5000件)
[3651/8910] 362CO0000000402: 3件検出 (累計: 5000件)
[3655/8910] 362M50000008013: 1件検出 (累計: 5000件)
[3656/8910] 362M50000008024: 3件検出 (累計: 5000件)
[3658/8910] 362M50000008033: 3件検出 (累計: 5000件)
[3659/8910] 362M50000010007: 3件検出 (累計: 5000件)
[3660/8910] 362M50000010041: 2件検出 (累計: 5000件)
[3663/8910] 362M50000100047: 2件検出 (累計: 5000件)
[3664/8910] 362M50000100049: 6件検出 (累計: 5000件)
[3665/8910] 362M50000100050: 2件検出 (累計: 5000件)
[3687/8910] 362M50004000012: 2件検出 (累計: 5000件)
[3688/8910] 362M50004000019: 2件検出 (累計: 5000件)
[3700/8910] 363AC0000000083: 0件検出 (累計: 5000件)
[3716/8910] 406M50400000004: 2件検出 (累計: 5000件)
[3717/8910] 363CO0000000025: 1件検出 (累計: 5000件)
[3726/8910] 363CO0000000247: 6件検出 (累計: 5000件)
[3729/8910] 363CO0000000335: 4件検出 (累計: 5000件)
[3731/8910] 406RJNJ15014000: 8件検出 (累計: 5000件)
[3733/8910] 363M50000002001: 1件検出 (累計: 5000件)
[3736/8910] 363M50000002047: 1件検出 (累計: 5000件)
[3743/8910] 413M60000080028: 7件検出 (累計: 5000件)
[3744/8910] 363M50000100019: 5件検出 (累計: 5000件)
[3745/8910] 363M50000100020: 4件検出 (累計: 5000件)
[3751/8910] 363M50002000035: 5件検出 (累計: 5000件)
[3753/8910] 363M50004000002: 1件検出 (累計: 5000件)
[3754/8910] 363M50004000017: 2件検出 (累計: 5000件)
[3770/8910] 401CO0000000205: 2件検出 (累計: 5000件)
[3776/8910] 401CO0000000337: 2件検出 (累計: 5000件)
[3782/8910] 401M50000008019: 3件検出 (累計: 5000件)
[3785/8910] 401M50000100034: 18件検出 (累計: 5000件)
[3786/8910] 401M50000100046: 1件検出 (累計: 5000件)
[3791/8910] 401M50004000015: 2件検出 (累計: 5000件)
[3800/8910] 402CO0000000059: 0件検出 (累計: 5000件)
[3810/8910] 402CO0000000249: 3件検出 (累計: 5000件)
[3814/8910] 402CO0000000304: 2件検出 (累計: 5000件)
[3819/8910] 402M50000010016: 2件検出 (累計: 5000件)
[3823/8910] 402M50000040036: 2件検出 (累計: 5000件)
[3826/8910] 402M50000100019: 3件検出 (累計: 5000件)
[3827/8910] 402M50000100020: 1件検出 (累計: 5000件)
[3830/8910] 402M50000100040: 2件検出 (累計: 5000件)
[3832/8910] 402M50000100058: 4件検出 (累計: 5000件)
[3834/8910] 402M50000400041: 3件検出 (累計: 5000件)
[3836/8910] 402M50000800021: 27件検出 (累計: 5000件)
[3838/8910] 402M50000800026: 5件検出 (累計: 5000件)
[3865/8910] 403AC0000000109: 3件検出 (累計: 5000件)
[3866/8910] 403AC0000000110: 2件検出 (累計: 5000件)
[3868/8910] 403AC1000000108: 2件検出 (累計: 5000件)
[3872/8910] 403CO0000000052: 4件検出 (累計: 5000件)
[3896/8910] 403M50000100009: 1件検出 (累計: 5000件)
[3897/8910] 403M50000100044: 10件検出 (累計: 5000件)
[3900/8910] 403M50000200038: 0件検出 (累計: 5000件)
[3908/8910] 403M50000800036: 93件検出 (累計: 5000件)
[3910/8910] 403M50002000025: 345件検出 (累計: 6000件)
[3948/8910] 404CO0000000266: 1件検出 (累計: 6000件)
[3955/8910] 404CO0000000304: 4件検出 (累計: 6000件)
[3966/8910] 404M50000008008: 5件検出 (累計: 6000件)
[3975/8910] 404M50000100061: 7件検出 (累計: 6000件)
[3984/8910] 404M50000600001: 1件検出 (累計: 6000件)
[3987/8910] 404M50002000026: 1件検出 (累計: 6000件)
[3989/8910] 404M50004000010: 2件検出 (累計: 6000件)
[3998/8910] 404RJNJ19000000: 30件検出 (累計: 6000件)
[4000/8910] 407AC0000000016: 0件検出 (累計: 6000件)
[4003/8910] 407AC0000000017: 1件検出 (累計: 6000件)
[4022/8910] 405CO0000000019: 1件検出 (累計: 6000件)
[4035/8910] 405CO0000000280: 4件検出 (累計: 6000件)
[4048/8910] 405CO0000000371: 2件検出 (累計: 6000件)
[4052/8910] 405M50000002009: 1件検出 (累計: 6000件)
[4053/8910] 405M50000008001: 3件検出 (累計: 6000件)
[4054/8910] 405M50000008020: 5件検出 (累計: 6000件)
[4058/8910] 405M50000040010: 14件検出 (累計: 6000件)
[4059/8910] 405M50000040014: 1件検出 (累計: 6000件)
[4061/8910] 405M50000040022: 4件検出 (累計: 6000件)
[4064/8910] 405M50000100043: 1件検出 (累計: 6000件)
[4070/8910] 405M50000202001: 1件検出 (累計: 6000件)
[4071/8910] 405M50000240001: 12件検出 (累計: 6000件)
[4073/8910] 405M50000240002: 9件検出 (累計: 6000件)
[4075/8910] 407CO0000000011: 6件検出 (累計: 6000件)
[4078/8910] 407CO0000000014: 1件検出 (累計: 6000件)
[4081/8910] 407CO0000000026: 2件検出 (累計: 6000件)
[4085/8910] 405M50000400067: 1件検出 (累計: 6000件)
[4087/8910] 407CO0000000036: 1件検出 (累計: 6000件)
[4098/8910] 405M50000502001: 1件検出 (累計: 6000件)
[4100/8910] 405M50000640001: 0件検出 (累計: 6000件)
[4103/8910] 405M50002000034: 6件検出 (累計: 6000件)
[4104/8910] 405M50004000006: 1件検出 (累計: 6000件)
[4105/8910] 407CO0000000048: 2件検出 (累計: 6000件)
[4106/8910] 405M50004000016: 10件検出 (累計: 6000件)
[4123/8910] 413M60000080029: 7件検出 (累計: 6000件)
[4128/8910] 407CO0000000252: 7件検出 (累計: 6000件)
[4134/8910] 407CO0000000327: 1件検出 (累計: 6000件)
[4139/8910] 407CO0000000409: 12件検出 (累計: 6000件)
[4140/8910] 407CO0000000411: 4件検出 (累計: 6000件)
[4143/8910] 407CO0000000425: 140件検出 (累計: 6000件)
[4149/8910] 407M50000008012: 4件検出 (累計: 6000件)
[4150/8910] 407M50000008013: 3件検出 (累計: 6000件)
[4151/8910] 407M50000008016: 2件検出 (累計: 6000件)
[4153/8910] 407M50000008033: 3件検出 (累計: 6000件)
[4160/8910] 407M50000100033: 4件検出 (累計: 6000件)
[4174/8910] 407M50000402002: 7件検出 (累計: 6000件)
[4176/8910] 407M50000740001: 5件検出 (累計: 6000件)
[4181/8910] 407M50004000002: 3件検出 (累計: 6000件)
[4183/8910] 407M50004000028: 13件検出 (累計: 6000件)
[4185/8910] 407M50004040002: 3件検出 (累計: 6000件)
[4200/8910] 408AC0000000093: 0件検出 (累計: 6000件)
[4206/8910] 408CO0000000018: 4件検出 (累計: 6000件)
[4208/8910] 408CO0000000089: 2件検出 (累計: 6000件)
[4215/8910] 408CO0000000212: 1件検出 (累計: 6000件)
[4220/8910] 408CO0000000323: 2件検出 (累計: 6000件)
[4227/8910] 408M50000040005: 12件検出 (累計: 6000件)
[4232/8910] 408M50000040045: 1件検出 (累計: 6000件)
[4247/8910] 413M60000080030: 7件検出 (累計: 6000件)
[4250/8910] 413M60000080031: 7件検出 (累計: 6000件)
[4252/8910] 408M50000810001: 1件検出 (累計: 6000件)
[4253/8910] 413M60000080035: 7件検出 (累計: 6000件)
[4256/8910] 413M60000080036: 10件検出 (累計: 6000件)
[4257/8910] 408M50002000026: 3件検出 (累計: 6000件)
[4259/8910] 413M60000080037: 10件検出 (累計: 6000件)
[4260/8910] 408M50004100001: 4件検出 (累計: 6000件)
[4262/8910] 413M60000080039: 4件検出 (累計: 6000件)
[4265/8910] 413M60000080040: 7件検出 (累計: 6000件)
[4268/8910] 413M60000080041: 7件検出 (累計: 6000件)
[4271/8910] 413M60000080043: 7件検出 (累計: 6000件)
[4297/8910] 413M60000100175: 14件検出 (累計: 6000件)
[4299/8910] 413M60000100193: 9件検出 (累計: 6000件)
[4300/8910] 413M60000100196: 0件検出 (累計: 6000件)
[4306/8910] 413M60000200033: 4件検出 (累計: 6000件)
[4313/8910] 409AC0000000123: 2件検出 (累計: 6000件)
[4322/8910] 409CO0000000054: 2件検出 (累計: 6000件)
[4323/8910] 409CO0000000085: 10件検出 (累計: 6000件)
[4335/8910] 409CO0000000324: 5件検出 (累計: 6000件)
[4336/8910] 409CO0000000346: 9件検出 (累計: 6000件)
[4338/8910] 409CO0000000354: 1件検出 (累計: 6000件)
[4346/8910] 409M50000040021: 2件検出 (累計: 6000件)
[4352/8910] 409M50000080041: 6件検出 (累計: 6000件)
[4353/8910] 409M50000080042: 4件検出 (累計: 6000件)
[4356/8910] 409M50000100028: 3件検出 (累計: 6000件)
[4362/8910] 409M50000200075: 3件検出 (累計: 6000件)
[4363/8910] 409M50000240001: 2件検出 (累計: 6000件)
[4364/8910] 409M50000400011: 10件検出 (累計: 6000件)
[4370/8910] 413M60000200035: 3件検出 (累計: 6000件)
[4374/8910] 409M50000800039: 1件検出 (累計: 6000件)
[4376/8910] 409M50000800058: 1件検出 (累計: 6000件)
[4381/8910] 409M50001000076: 1件検出 (累計: 6000件)
[4384/8910] 409M50002000018: 1件検出 (累計: 6000件)
[4386/8910] 409M50004000015: 25件検出 (累計: 6000件)
[4388/8910] 409RJNJ09102000: 1件検出 (累計: 6000件)
[4400/8910] 410AC0000000092: 0件検出 (累計: 6000件)
[4419/8910] 410AC1000000126: 3件検出 (累計: 6000件)
[4424/8910] 410CO0000000005: 1件検出 (累計: 6000件)
[4425/8910] 410CO0000000019: 4件検出 (累計: 6000件)
[4428/8910] 410CO0000000121: 4件検出 (累計: 6000件)
[4429/8910] 410CO0000000178: 5件検出 (累計: 6000件)
[4434/8910] 410CO0000000254: 3件検出 (累計: 6000件)
[4438/8910] 410CO0000000296: 1件検出 (累計: 6000件)
[4441/8910] 410CO0000000335: 1件検出 (累計: 6000件)
[4442/8910] 410CO0000000338: 4件検出 (累計: 6000件)
[4446/8910] 410CO0000000363: 1件検出 (累計: 6000件)
[4449/8910] 410CO0000000378: 1件検出 (累計: 6000件)
[4450/8910] 410CO0000000380: 1件検出 (累計: 6000件)
[4454/8910] 410CO0000000412: 12件検出 (累計: 6000件)
[4455/8910] 410CO0000000413: 3件検出 (累計: 6000件)
[4456/8910] 410CO0000000420: 3件検出 (累計: 6000件)
[4459/8910] 410M50000002038: 1件検出 (累計: 6000件)
[4460/8910] 410M50000002068: 2件検出 (累計: 6000件)
[4462/8910] 410M50000008028: 3件検出 (累計: 6000件)
[4464/8910] 410M50000010039: 3件検出 (累計: 6000件)
[4467/8910] 410M50000040002: 2件検出 (累計: 6000件)
[4480/8910] 410M50000040124: 38件検出 (累計: 6000件)
[4486/8910] 410M50000080039: 1件検出 (累計: 6000件)
[4489/8910] 410M50000100004: 2件検出 (累計: 6000件)
[4492/8910] 410M50000100007: 2件検出 (累計: 6000件)
[4495/8910] 410M50000100011: 6件検出 (累計: 6000件)
[4496/8910] 413M60000200047: 3件検出 (累計: 6000件)
[4500/8910] 413M60000200048: 5件検出 (累計: 6000件)
[4502/8910] 410M50000100061: 1件検出 (累計: 6000件)
[4503/8910] 413M60000200049: 3件検出 (累計: 6000件)
[4504/8910] 410M50000100074: 7件検出 (累計: 6000件)
[4507/8910] 410M50000100099: 24件検出 (累計: 6000件)
[4509/8910] 413M60000202016: 9件検出 (累計: 6000件)
[4562/8910] 410M50000400054: 1件検出 (累計: 6000件)
[4565/8910] 410M50000800035: 1件検出 (累計: 6000件)
[4566/8910] 410M50000800036: 1件検出 (累計: 6000件)
[4567/8910] 410M50000800037: 2件検出 (累計: 6000件)
[4568/8910] 410M50000800038: 2件検出 (累計: 6000件)
[4576/8910] 410M50004000010: 1件検出 (累計: 6000件)
[4577/8910] 410M50004000011: 1件検出 (累計: 6000件)
[4578/8910] 410M50004000012: 1件検出 (累計: 6000件)
[4579/8910] 410M50004000013: 1件検出 (累計: 6000件)
[4580/8910] 410M50004000014: 1件検出 (累計: 6000件)
[4581/8910] 410M50004000015: 1件検出 (累計: 6000件)
[4582/8910] 410M50004000016: 1件検出 (累計: 6000件)
[4583/8910] 410M50004000017: 1件検出 (累計: 6000件)
[4584/8910] 410M50004000018: 1件検出 (累計: 6000件)
[4585/8910] 410M50004000019: 2件検出 (累計: 6000件)
[4586/8910] 410M50004000020: 2件検出 (累計: 6000件)
[4587/8910] 410M50004000021: 2件検出 (累計: 6000件)
[4588/8910] 410M50004000022: 2件検出 (累計: 6000件)
[4589/8910] 410M50004000023: 2件検出 (累計: 6000件)
[4590/8910] 410M50004000024: 2件検出 (累計: 6000件)
[4591/8910] 410M50004000025: 2件検出 (累計: 6000件)
[4592/8910] 410M50004000026: 2件検出 (累計: 6000件)
[4594/8910] 410M50004700001: 1件検出 (累計: 6000件)
[4595/8910] 410M50004700002: 1件検出 (累計: 6000件)
[4596/8910] 410M50004700003: 2件検出 (累計: 6000件)
[4597/8910] 410M50004700004: 2件検出 (累計: 6000件)
[4598/8910] 410M50004800002: 1件検出 (累計: 6000件)
[4600/8910] 410M50004800004: 2件検出 (累計: 6000件)
[4602/8910] 410M50004A00001: 1件検出 (累計: 6000件)
[4625/8910] 413M60000400101: 1件検出 (累計: 6000件)
[4628/8910] 413M60000400102: 1件検出 (累計: 6000件)
[4634/8910] 413M60000400108: 4件検出 (累計: 6000件)
[4637/8910] 413M60000400109: 4件検出 (累計: 6000件)
[4651/8910] 413M60000408003: 1件検出 (累計: 6000件)
[4671/8910] 413M60000800044: 2件検出 (累計: 6000件)
[4672/8910] 413M60000800045: 2件検出 (累計: 6000件)
[4673/8910] 413M60000800047: 2件検出 (累計: 6000件)
[4674/8910] 413M60000800052: 2件検出 (累計: 6000件)
[4675/8910] 413M60000800053: 2件検出 (累計: 6000件)
[4680/8910] 413M60000800086: 1件検出 (累計: 6000件)
[4693/8910] 413M60000800110: 19件検出 (累計: 6000件)
[4696/8910] 413M60000800115: 24件検出 (累計: 6000件)
[4699/8910] 413M60000800124: 5件検出 (累計: 6000件)
[4700/8910] 411AC0000000156: 0件検出 (累計: 6000件)
[4753/8910] 411CO0000000105: 10件検出 (累計: 6000件)
[4755/8910] 411CO0000000143: 1件検出 (累計: 6000件)
[4764/8910] 411CO0000000279: 1件検出 (累計: 6000件)
[4769/8910] 411CO0000000362: 1件検出 (累計: 6000件)
[4780/8910] 411M50000008014: 4件検出 (累計: 6000件)
[4794/8910] 411M50000100036: 412件検出 (累計: 7000件)
[4799/8910] 411M50000100043: 20件検出 (累計: 7000件)
[4800/8910] 411M50000100044: 0件検出 (累計: 7000件)
[4810/8910] 411M50000400010: 1件検出 (累計: 7000件)
[4817/8910] 411M50002000047: 2件検出 (累計: 7000件)
[4830/8910] 411RJNJ09107000: 1件検出 (累計: 7000件)
[4837/8910] 412AC0000000051: 1件検出 (累計: 7000件)
[4868/8910] 412CO0000000033: 2件検出 (累計: 7000件)
[4869/8910] 412CO0000000041: 9件検出 (累計: 7000件)
[4876/8910] 412CO0000000138: 2件検出 (累計: 7000件)
[4877/8910] 412CO0000000151: 1件検出 (累計: 7000件)
[4883/8910] 412CO0000000180: 6件検出 (累計: 7000件)
[4900/8910] 412CO0000000259: 0件検出 (累計: 7000件)
[4932/8910] 412CO0000000297: 5件検出 (累計: 7000件)
[4942/8910] 412CO0000000327: 1件検出 (累計: 7000件)
[4951/8910] 412CO0000000411: 2件検出 (累計: 7000件)
[4959/8910] 412CO0000000479: 55件検出 (累計: 7000件)
[4961/8910] 412CO0000000484: 12件検出 (累計: 7000件)
[4962/8910] 412CO0000000495: 1件検出 (累計: 7000件)
[4965/8910] 412CO0000000509: 1件検出 (累計: 7000件)
[4966/8910] 412CO0000000523: 1件検出 (累計: 7000件)
[4977/8910] 412M50000002122: 2件検出 (累計: 7000件)
[4981/8910] 412M50000002129: 3件検出 (累計: 7000件)
[4982/8910] 412M50000002130: 1件検出 (累計: 7000件)
[4983/8910] 412M50000002131: 1件検出 (累計: 7000件)
[5000/8910] 412M50000042045: 0件検出 (累計: 7000件)
[5009/8910] 412M50000100026: 2件検出 (累計: 7000件)
[5011/8910] 412M50000100063: 9件検出 (累計: 7000件)
[5024/8910] 412M50000400112: 1件検出 (累計: 7000件)
[5025/8910] 412M50000400151: 2件検出 (累計: 7000件)
[5026/8910] 412M50000400152: 1件検出 (累計: 7000件)
[5033/8910] 412M50000400401: 2件検出 (累計: 7000件)
[5034/8910] 412M50000400411: 2件検出 (累計: 7000件)
[5035/8910] 412M50000500001: 2件検出 (累計: 7000件)
[5039/8910] 412M50001000064: 4件検出 (累計: 7000件)
[5059/8910] 412M50004002007: 1件検出 (累計: 7000件)
[5060/8910] 412M50004002008: 1件検出 (累計: 7000件)
[5087/8910] 412RJNJ23000000: 3件検出 (累計: 7000件)
[5100/8910] 413AC0000000088: 0件検出 (累計: 7000件)
[5122/8910] 413CO0000000005: 1件検出 (累計: 7000件)
[5137/8910] 413CO0000000238: 1件検出 (累計: 7000件)
[5139/8910] 413CO0000000248: 6件検出 (累計: 7000件)
[5140/8910] 413CO0000000250: 1件検出 (累計: 7000件)
[5148/8910] 413CO0000000323: 3件検出 (累計: 7000件)
[5152/8910] 413CO0000000355: 4件検出 (累計: 7000件)
[5165/8910] 413M60000002014: 4件検出 (累計: 7000件)
[5167/8910] 413M60000002093: 1件検出 (累計: 7000件)
[5170/8910] 413M60000008054: 1件検出 (累計: 7000件)
[5172/8910] 413M60000008109: 2件検出 (累計: 7000件)
[5195/8910] 413M60000040006: 3件検出 (累計: 7000件)
[5200/8910] 413M60001000004: 0件検出 (累計: 7000件)
[5203/8910] 413M60001000014: 2件検出 (累計: 7000件)
[5207/8910] 413M60000042010: 3件検出 (累計: 7000件)
[5214/8910] 413M60001500002: 1件検出 (累計: 7000件)
[5229/8910] 413RJNJ01034000: 4件検出 (累計: 7000件)
[5236/8910] 414AC0000000022: 1件検出 (累計: 7000件)
[5243/8910] 414AC0000000066: 3件検出 (累計: 7000件)
[5262/8910] 414AC0000000127: 3件検出 (累計: 7000件)
[5279/8910] 430M60000082001: 1件検出 (累計: 7000件)
[5281/8910] 419AC0000000088: 33件検出 (累計: 7000件)
[5284/8910] 419AC0000000102: 3件検出 (累計: 7000件)
[5300/8910] 419AC1000000131: 1件検出 (累計: 7000件)
[5348/8910] 414CO0000000044: 12件検出 (累計: 7000件)
[5356/8910] 414CO0000000177: 2件検出 (累計: 7000件)
[5357/8910] 414CO0000000190: 1件検出 (累計: 7000件)
[5358/8910] 414CO0000000199: 7件検出 (累計: 7000件)
[5363/8910] 414CO0000000292: 5件検出 (累計: 7000件)
[5367/8910] 414CO0000000298: 2件検出 (累計: 7000件)
[5368/8910] 414CO0000000336: 1件検出 (累計: 7000件)
[5370/8910] 414CO0000000349: 2件検出 (累計: 7000件)
[5374/8910] 414CO0000000362: 30件検出 (累計: 7000件)
[5382/8910] 414CO0000000389: 3件検出 (累計: 7000件)
[5385/8910] 414CO0000000407: 1件検出 (累計: 7000件)
[5388/8910] 414M60000002045: 1件検出 (累計: 7000件)
[5390/8910] 414M60000002086: 2件検出 (累計: 7000件)
[5391/8910] 414M60000002088: 1件検出 (累計: 7000件)
[5395/8910] 414M60000008042: 7件検出 (累計: 7000件)
[5396/8910] 414M60000008064: 2件検出 (累計: 7000件)
[5399/8910] 414M60000008110: 1件検出 (累計: 7000件)
[5400/8910] 414M60000008114: 0件検出 (累計: 7000件)
[5404/8910] 414M60000012005: 2件検出 (累計: 7000件)
[5419/8910] 414M60000100001: 3件検出 (累計: 7000件)
[5421/8910] 414M60000100022: 3件検出 (累計: 7000件)
[5422/8910] 414M60000100054: 2件検出 (累計: 7000件)
[5426/8910] 414M60000100127: 1件検出 (累計: 7000件)
[5428/8910] 414M60000100158: 1件検出 (累計: 7000件)
[5429/8910] 414M60000100170: 1件検出 (累計: 7000件)
[5430/8910] 414M60000102007: 1件検出 (累計: 7000件)
[5437/8910] 414M60000202014: 1件検出 (累計: 7000件)
[5440/8910] 414M60000400097: 1件検出 (累計: 7000件)
[5441/8910] 414M60000400098: 1件検出 (累計: 7000件)
[5442/8910] 414M60000402004: 3件検出 (累計: 7000件)
[5443/8910] 414M6000040A001: 3件検出 (累計: 7000件)
[5449/8910] 414M60000800057: 2件検出 (累計: 7000件)
[5451/8910] 414M60000800066: 3件検出 (累計: 7000件)
[5453/8910] 414M60000800116: 4件検出 (累計: 7000件)
[5455/8910] 414M60001000028: 6件検出 (累計: 7000件)
[5456/8910] 414M60001000029: 25件検出 (累計: 7000件)
[5458/8910] 414M60001400007: 4件検出 (累計: 7000件)
[5500/8910] 415AC0000000124: 0件検出 (累計: 7000件)
[5508/8910] 415CO0000000027: 5件検出 (累計: 7000件)
[5541/8910] 415CO0000000329: 1件検出 (累計: 7000件)
[5546/8910] 415CO0000000364: 2件検出 (累計: 7000件)
[5554/8910] 415CO0000000390: 2件検出 (累計: 7000件)
[5556/8910] 415CO0000000393: 4件検出 (累計: 7000件)
[5558/8910] 415CO0000000408: 6件検出 (累計: 7000件)
[5568/8910] 415CO0000000443: 1件検出 (累計: 7000件)
[5570/8910] 415CO0000000467: 1件検出 (累計: 7000件)
[5578/8910] 415CO0000000489: 1件検出 (累計: 7000件)
[5588/8910] 415CO0000000554: 1件検出 (累計: 7000件)
[5591/8910] 415M60000002011: 1件検出 (累計: 7000件)
[5600/8910] 415M60000002069: 0件検出 (累計: 7000件)
[5601/8910] 415M60000002076: 2件検出 (累計: 7000件)
[5602/8910] 415M60000002085: 3件検出 (累計: 7000件)
[5603/8910] 415M60000008002: 2件検出 (累計: 7000件)
[5604/8910] 415M60000008005: 3件検出 (累計: 7000件)
[5605/8910] 415M60000008006: 1件検出 (累計: 7000件)
[5607/8910] 415M60000008027: 1件検出 (累計: 7000件)
[5615/8910] 415M60000008120: 6件検出 (累計: 7000件)
[5618/8910] 415M60000010015: 1件検出 (累計: 7000件)
[5623/8910] 415M60000020007: 1件検出 (累計: 7000件)
[5624/8910] 415M60000020021: 2件検出 (累計: 7000件)
[5625/8910] 415M60000020022: 4件検出 (累計: 7000件)
[5632/8910] 415M60000040044: 4件検出 (累計: 7000件)
[5633/8910] 415M60000040045: 4件検出 (累計: 7000件)
[5650/8910] 415M60000080047: 10件検出 (累計: 7000件)
[5651/8910] 415M60000080048: 7件検出 (累計: 7000件)
[5652/8910] 415M60000080049: 10件検出 (累計: 7000件)
[5654/8910] 415M60000080051: 15件検出 (累計: 7000件)
[5655/8910] 415M60000080052: 7件検出 (累計: 7000件)
[5656/8910] 415M60000080057: 2件検出 (累計: 7000件)
[5657/8910] 415M60000080058: 7件検出 (累計: 7000件)
[5658/8910] 415M60000080059: 11件検出 (累計: 7000件)
[5663/8910] 415M60000100058: 2件検出 (累計: 7000件)
[5664/8910] 415M60000100086: 4件検出 (累計: 7000件)
[5668/8910] 415M60000100122: 32件検出 (累計: 7000件)
[5669/8910] 415M60000100132: 1件検出 (累計: 7000件)
[5671/8910] 415M60000100147: 8件検出 (累計: 7000件)
[5672/8910] 415M60000100148: 4件検出 (累計: 7000件)
[5673/8910] 415M60000100149: 3件検出 (累計: 7000件)
[5674/8910] 415M60000100151: 3件検出 (累計: 7000件)
[5675/8910] 415M60000100152: 4件検出 (累計: 7000件)
[5677/8910] 415M60000180003: 1件検出 (累計: 7000件)
[5682/8910] 415M60000200072: 4件検出 (累計: 7000件)
[5684/8910] 415M60000200094: 4件検出 (累計: 7000件)
[5687/8910] 415M60000200100: 4件検出 (累計: 7000件)
[5691/8910] 415M60000200104: 8件検出 (累計: 7000件)
[5693/8910] 419CO0000000107: 5件検出 (累計: 7000件)
[5694/8910] 415M60000200107: 3件検出 (累計: 7000件)
[5695/8910] 428M60000048005: 2件検出 (累計: 7000件)
[5696/8910] 415M60000202012: 3件検出 (累計: 7000件)
[5699/8910] 415M60000240003: 3件検出 (累計: 7000件)
[5700/8910] 419CO0000000111: 0件検出 (累計: 7000件)
[5703/8910] 415M60000240005: 3件検出 (累計: 7000件)
[5710/8910] 415M60000400039: 1件検出 (累計: 7000件)
[5711/8910] 419CO0000000124: 2件検出 (累計: 7000件)
[5713/8910] 415M60000400119: 3件検出 (累計: 7000件)
[5715/8910] 415M60000400120: 4件検出 (累計: 7000件)
[5727/8910] 428M60000100094: 23件検出 (累計: 7000件)
[5733/8910] 428M60000100097: 5件検出 (累計: 7000件)
[5743/8910] 419CO0000000274: 1件検出 (累計: 7000件)
[5745/8910] 428M60000110003: 1件検出 (累計: 8000件)
[5747/8910] 415M60000800102: 3件検出 (累計: 8000件)
[5748/8910] 415M60000800103: 1件検出 (累計: 8000件)
[5750/8910] 415M60000800104: 3件検出 (累計: 8000件)
[5754/8910] 415M60000800106: 2件検出 (累計: 8000件)
[5755/8910] 415M60000800107: 1件検出 (累計: 8000件)
[5772/8910] 415M600017C0001: 2件検出 (累計: 8000件)
[5783/8910] 415RJNJ24000000: 6件検出 (累計: 8000件)
[5790/8910] 416AC0000000059: 3件検出 (累計: 8000件)
[5791/8910] 416AC0000000063: 4件検出 (累計: 8000件)
[5800/8910] 416AC0000000110: 0件検出 (累計: 8000件)
[5806/8910] 416AC0000000117: 2件検出 (累計: 8000件)
[5816/8910] 416AC0000000154: 8件検出 (累計: 8000件)
[5826/8910] 416CO0000000013: 2件検出 (累計: 8000件)
[5827/8910] 416CO0000000014: 4件検出 (累計: 8000件)
[5839/8910] 416CO0000000157: 1件検出 (累計: 8000件)
[5842/8910] 416CO0000000168: 2件検出 (累計: 8000件)
[5843/8910] 416CO0000000181: 2件検出 (累計: 8000件)
[5847/8910] 416CO0000000240: 12件検出 (累計: 8000件)
[5851/8910] 416CO0000000275: 1件検出 (累計: 8000件)
[5855/8910] 416CO0000000298: 25件検出 (累計: 8000件)
[5862/8910] 416CO0000000351: 1件検出 (累計: 8000件)
[5864/8910] 416CO0000000356: 1件検出 (累計: 8000件)
[5866/8910] 416CO0000000369: 6件検出 (累計: 8000件)
[5869/8910] 416CO0000000377: 1件検出 (累計: 8000件)
[5871/8910] 416CO0000000392: 1件検出 (累計: 8000件)
[5872/8910] 416CO0000000393: 3件検出 (累計: 8000件)
[5874/8910] 416CO0000000427: 6件検出 (累計: 8000件)
[5882/8910] 416M60000002067: 110件検出 (累計: 8000件)
[5885/8910] 416M60000002107: 10件検出 (累計: 8000件)
[5886/8910] 416M60000008015: 1件検出 (累計: 8000件)
[5888/8910] 416M60000008051: 2件検出 (累計: 8000件)
[5890/8910] 416M60000008069: 4件検出 (累計: 8000件)
[5896/8910] 416M60000010013: 1件検出 (累計: 8000件)
[5900/8910] 416M60000012005: 0件検出 (累計: 8000件)
[5905/8910] 416M60000080007: 4件検出 (累計: 8000件)
[5906/8910] 416M60000080009: 10件検出 (累計: 8000件)
[5910/8910] 416M60000080023: 13件検出 (累計: 8000件)
[5915/8910] 416M60000100055: 3件検出 (累計: 8000件)
[5916/8910] 416M60000100056: 4件検出 (累計: 8000件)
[5919/8910] 416M60000100077: 6件検出 (累計: 8000件)
[5927/8910] 416M60000100150: 2件検出 (累計: 8000件)
[5932/8910] 416M60000102007: 90件検出 (累計: 8000件)
[5935/8910] 416M60000200107: 10件検出 (累計: 8000件)
[5936/8910] 416M60000202007: 63件検出 (累計: 8000件)
[5937/8910] 416M60000400009: 6件検出 (累計: 8000件)
[5941/8910] 416M60000400072: 1件検出 (累計: 8000件)
[5942/8910] 416M60000400074: 17件検出 (累計: 8000件)
[5949/8910] 416M60000440002: 1件検出 (累計: 8000件)
[5953/8910] 416M60000800020: 5件検出 (累計: 8000件)
[5957/8910] 416M60000800070: 1件検出 (累計: 8000件)
[5961/8910] 416M60000840003: 2件検出 (累計: 8000件)
[5965/8910] 416M60001000011: 2件検出 (累計: 8000件)
[5966/8910] 416M60001000012: 1件検出 (累計: 8000件)
[5980/8910] 416M60400000023: 1件検出 (累計: 8000件)
[6000/8910] 417AC0000000100: 0件検出 (累計: 8000件)
[6011/8910] 417CO0000000008: 1件検出 (累計: 8000件)
[6018/8910] 417CO0000000042: 2件検出 (累計: 8000件)
[6021/8910] 417CO0000000056: 2件検出 (累計: 8000件)
[6026/8910] 417CO0000000092: 6件検出 (累計: 8000件)
[6027/8910] 417CO0000000146: 7件検出 (累計: 8000件)
[6030/8910] 417CO0000000150: 1件検出 (累計: 8000件)
[6039/8910] 417CO0000000211: 1件検出 (累計: 8000件)
[6042/8910] 417CO0000000224: 2件検出 (累計: 8000件)
[6055/8910] 417CO0000000314: 3件検出 (累計: 8000件)
[6059/8910] 417CO0000000342: 1件検出 (累計: 8000件)
[6063/8910] 417M60000002009: 1件検出 (累計: 8000件)
[6066/8910] 417M60000002012: 1件検出 (累計: 8000件)
[6067/8910] 417M60000002017: 2件検出 (累計: 8000件)
[6068/8910] 417M60000002021: 8件検出 (累計: 8000件)
[6070/8910] 417M60000002030: 2件検出 (累計: 8000件)
[6073/8910] 417M60000002053: 16件検出 (累計: 8000件)
[6074/8910] 417M60000002092: 2件検出 (累計: 8000件)
[6079/8910] 417M60000008038: 2件検出 (累計: 8000件)
[6085/8910] 417M60000008061: 3件検出 (累計: 8000件)
[6087/8910] 417M60000010018: 8件検出 (累計: 8000件)
[6089/8910] 417M60000010021: 2件検出 (累計: 8000件)
[6091/8910] 417M60000010023: 2件検出 (累計: 8000件)
[6095/8910] 417M60000010027: 2件検出 (累計: 8000件)
[6100/8910] 417M60000010044: 0件検出 (累計: 8000件)
[6103/8910] 417M60000012004: 4件検出 (累計: 8000件)
[6104/8910] 417M60000020003: 1件検出 (累計: 8000件)
[6108/8910] 417M60000040016: 4件検出 (累計: 8000件)
[6112/8910] 417M60000042002: 4件検出 (累計: 8000件)
[6113/8910] 417M60000052002: 3件検出 (累計: 8000件)
[6117/8910] 417M60000080010: 1件検出 (累計: 8000件)
[6119/8910] 417M60000080031: 4件検出 (累計: 8000件)
[6121/8910] 417M60000080044: 6件検出 (累計: 8000件)
[6122/8910] 417M60000088001: 4件検出 (累計: 8000件)
[6124/8910] 417M60000100021: 2件検出 (累計: 8000件)
[6125/8910] 417M60000100036: 3件検出 (累計: 8000件)
[6128/8910] 417M60000100044: 8件検出 (累計: 8000件)
[6129/8910] 417M60000100049: 26件検出 (累計: 8000件)
[6130/8910] 417M60000100079: 1件検出 (累計: 8000件)
[6135/8910] 417M60000100145: 3件検出 (累計: 8000件)
[6136/8910] 417M60000102003: 4件検出 (累計: 8000件)
[6137/8910] 417M60000110002: 1件検出 (累計: 8000件)
[6138/8910] 417M60000200004: 1件検出 (累計: 8000件)
[6143/8910] 417M60000200027: 36件検出 (累計: 8000件)
[6145/8910] 417M60000200032: 3件検出 (累計: 8000件)
[6150/8910] 417M60000200056: 4件検出 (累計: 8000件)
[6153/8910] 417M60000202003: 4件検出 (累計: 8000件)
[6155/8910] 417M60000302001: 3件検出 (累計: 8000件)
[6158/8910] 417M60000400009: 2件検出 (累計: 8000件)
[6160/8910] 417M60000400032: 8件検出 (累計: 8000件)
[6164/8910] 417M60000402004: 3件検出 (累計: 8000件)
[6165/8910] 417M60000480002: 4件検出 (累計: 8000件)
[6166/8910] 417M60000600003: 10件検出 (累計: 8000件)
[6167/8910] 417M60000600007: 4件検出 (累計: 8000件)
[6169/8910] 417M60000800026: 8件検出 (累計: 8000件)
[6170/8910] 417M60000800047: 1件検出 (累計: 8000件)
[6173/8910] 417M60000800064: 4件検出 (累計: 8000件)
[6178/8910] 417M60000800100: 1件検出 (累計: 8000件)
[6187/8910] 417M60000900003: 2件検出 (累計: 8000件)
[6188/8910] 419CO0000000318: 11件検出 (累計: 8000件)
[6189/8910] 417M60000A00003: 4件検出 (累計: 8000件)
[6191/8910] 419CO0000000325: 3件検出 (累計: 8000件)
[6196/8910] 417M60000F00007: 4件検出 (累計: 8000件)
[6198/8910] 417M60000F40002: 2件検出 (累計: 8000件)
[6199/8910] 417M60000F40003: 3件検出 (累計: 8000件)
[6200/8910] 419CO0000000344: 0件検出 (累計: 8000件)
[6201/8910] 417M60000F42004: 3件検出 (累計: 8000件)
[6202/8910] 419CO0000000347: 324件検出 (累計: 9000件)
[6204/8910] 419CO0000000367: 2件検出 (累計: 9000件)
[6205/8910] 419CO0000000373: 4件検出 (累計: 9000件)
[6206/8910] 419CO0000000374: 2件検出 (累計: 9000件)
[6207/8910] 419CO0000000382: 3件検出 (累計: 9000件)
[6209/8910] 419CO0000000395: 1件検出 (累計: 9000件)
[6216/8910] 419M60000002011: 2件検出 (累計: 9000件)
[6223/8910] 419M60000002048: 4件検出 (累計: 9000件)
[6224/8910] 419M60000002052: 12件検出 (累計: 9000件)
[6229/8910] 419M60000002068: 6件検出 (累計: 9000件)
[6230/8910] 419M60000002069: 16件検出 (累計: 9000件)
[6237/8910] 419M60000008094: 5件検出 (累計: 9000件)
[6238/8910] 419M60000008095: 2件検出 (累計: 9000件)
[6239/8910] 419M60000008098: 3件検出 (累計: 9000件)
[6241/8910] 417M60001000005: 4件検出 (累計: 9000件)
[6243/8910] 417M60001000009: 4件検出 (累計: 9000件)
[6252/8910] 417M60001200002: 3件検出 (累計: 9000件)
[6254/8910] 417M60001400003: 4件検出 (累計: 9000件)
[6255/8910] 417M60001400004: 2件検出 (累計: 9000件)
[6256/8910] 417M60001740003: 4件検出 (累計: 9000件)
[6257/8910] 417M60001740004: 2件検出 (累計: 9000件)
[6258/8910] 417M60001F00001: 3件検出 (累計: 9000件)
[6263/8910] 417M60400000007: 3件検出 (累計: 9000件)
[6266/8910] 417M60400000020: 5件検出 (累計: 9000件)
[6270/8910] 418AC0000000004: 2件検出 (累計: 9000件)
[6276/8910] 418AC0000000050: 2件検出 (累計: 9000件)
[6299/8910] 418CO0000000010: 74件検出 (累計: 9000件)
[6300/8910] 418CO0000000022: 0件検出 (累計: 9000件)
[6302/8910] 418CO0000000030: 5件検出 (累計: 9000件)
[6304/8910] 418CO0000000037: 3件検出 (累計: 9000件)
[6317/8910] 418CO0000000186: 2件検出 (累計: 9000件)
[6319/8910] 418CO0000000207: 2件検出 (累計: 9000件)
[6320/8910] 418CO0000000213: 1件検出 (累計: 9000件)
[6323/8910] 418CO0000000228: 1件検出 (累計: 9000件)
[6328/8910] 418CO0000000287: 4件検出 (累計: 9000件)
[6341/8910] 418M60000002047: 2件検出 (累計: 9000件)
[6345/8910] 418M60000002067: 7件検出 (累計: 9000件)
[6350/8910] 418M60000008054: 23件検出 (累計: 9000件)
[6357/8910] 418M60000010013: 2件検出 (累計: 9000件)
[6363/8910] 418M60000010057: 17件検出 (累計: 9000件)
[6374/8910] 418M60000020010: 2件検出 (累計: 9000件)
[6380/8910] 418M60000080012: 1件検出 (累計: 9000件)
[6382/8910] 418M60000080028: 1件検出 (累計: 9000件)
[6384/8910] 418M60000100019: 447件検出 (累計: 9000件)
[6389/8910] 418M60000100039: 4件検出 (累計: 9000件)
[6390/8910] 418M60000100060: 3件検出 (累計: 9000件)
[6393/8910] 418M60000100140: 2件検出 (累計: 9000件)
[6400/8910] 418M60000100177: 0件検出 (累計: 9000件)
[6403/8910] 418M60000200046: 1件検出 (累計: 9000件)
[6410/8910] 418M60000400012: 1件検出 (累計: 9000件)
[6415/8910] 418M60000400083: 2件検出 (累計: 9000件)
[6422/8910] 418M60000800011: 3件検出 (累計: 9000件)
[6426/8910] 418M60000800082: 12件検出 (累計: 9000件)
[6427/8910] 418M60000800088: 3件検出 (累計: 9000件)
[6430/8910] 418M60000800110: 15件検出 (累計: 9000件)
[6443/8910] 419M60000010051: 2件検出 (累計: 9000件)
[6451/8910] 418M60001000003: 3件検出 (累計: 9000件)
[6457/8910] 418M60001C00001: 3件検出 (累計: 9000件)
[6459/8910] 418M60001C00002: 4件検出 (累計: 9000件)
[6475/8910] 418RJNJ09049032: 4件検出 (累計: 9000件)
[6477/8910] 418RJNJ09121000: 1件検出 (累計: 9000件)
[6478/8910] 418RJNJ10012000: 4件検出 (累計: 9000件)
[6490/8910] 419M60000100129: 60件検出 (累計: 9000件)
[6491/8910] 419M60000100140: 24件検出 (累計: 9000件)
[6493/8910] 419M60000100151: 30件検出 (累計: 9000件)
[6494/8910] 419M60000100157: 1件検出 (累計: 9000件)
[6497/8910] 419M60000200060: 4件検出 (累計: 9000件)
[6500/8910] 419M60000400012: 1件検出 (累計: 9000件)
[6507/8910] 419M60000480001: 1件検出 (累計: 9000件)
[6515/8910] 419M60000800080: 27件検出 (累計: 9000件)
[6517/8910] 419M60000840001: 6件検出 (累計: 9000件)
[6518/8910] 419M60000900001: 2件検出 (累計: 9000件)
[6526/8910] 419M60001400001: 1件検出 (累計: 9000件)
[6527/8910] 419M60001400004: 2件検出 (累計: 10000件)
[6567/8910] 420CO0000000020: 14件検出 (累計: 10000件)
[6575/8910] 420CO0000000122: 3件検出 (累計: 10000件)
[6577/8910] 420CO0000000128: 14件検出 (累計: 10000件)
[6594/8910] 420CO0000000278: 3件検出 (累計: 10000件)
[6600/8910] 420CO0000000325: 0件検出 (累計: 10000件)
[6612/8910] 420M60000002066: 2件検出 (累計: 10000件)
[6618/8910] 420M60000008008: 1件検出 (累計: 10000件)
[6619/8910] 420M60000008020: 3件検出 (累計: 10000件)
[6621/8910] 420M60000008081: 2件検出 (累計: 10000件)
[6626/8910] 420M60000008145: 9件検出 (累計: 10000件)
[6628/8910] 420M60000010028: 3件検出 (累計: 10000件)
[6634/8910] 420M60000040008: 3件検出 (累計: 10000件)
[6646/8910] 420M60000042004: 1件検出 (累計: 10000件)
[6654/8910] 420M60000100002: 13件検出 (累計: 10000件)
[6659/8910] 420M60000100046: 2件検出 (累計: 10000件)
[6663/8910] 420M60000100153: 7件検出 (累計: 10000件)
[6664/8910] 420M60000100164: 1件検出 (累計: 10000件)
[6667/8910] 420M60000180003: 3件検出 (累計: 10000件)
[6669/8910] 420M60000200010: 2件検出 (累計: 10000件)
[6670/8910] 420M60000200022: 11件検出 (累計: 10000件)
[6671/8910] 420M60000200024: 1件検出 (累計: 10000件)
[6672/8910] 420M60000200037: 2件検出 (累計: 10000件)
[6680/8910] 420M60000400023: 1件検出 (累計: 10000件)
[6688/8910] 420M60000442001: 7件検出 (累計: 10000件)
[6693/8910] 420M60000740004: 11件検出 (累計: 10000件)
[6694/8910] 420M60000742001: 5件検出 (累計: 10000件)
[6699/8910] 420M60000800065: 4件検出 (累計: 10000件)
[6700/8910] 420M60000800067: 0件検出 (累計: 10000件)
[6705/8910] 420M60000800091: 1件検出 (累計: 10000件)
[6707/8910] 420M60000880001: 1件検出 (累計: 10000件)
[6711/8910] 420M60000F5A001: 10件検出 (累計: 10000件)
[6717/8910] 420M60001F42001: 5件検出 (累計: 10000件)
[6723/8910] 420RJNJ09122000: 1件検出 (累計: 10000件)
[6752/8910] 421CO0000000002: 4件検出 (累計: 10000件)
[6764/8910] 421CO0000000158: 16件検出 (累計: 10000件)
[6770/8910] 421CO0000000218: 12件検出 (累計: 10000件)
[6775/8910] 421CO0000000234: 2件検出 (累計: 10000件)
[6782/8910] 421CO0000000296: 9件検出 (累計: 10000件)
[6786/8910] 421CO0000000310: 3件検出 (累計: 10000件)
[6791/8910] 421M60000002048: 4件検出 (累計: 10000件)
[6792/8910] 421M60000002054: 1件検出 (累計: 10000件)
[6794/8910] 421M60000002057: 1件検出 (累計: 10000件)
[6796/8910] 421M60000002059: 4件検出 (累計: 10000件)
[6800/8910] 421M60000008027: 1件検出 (累計: 10000件)
[6804/8910] 421M60000010028: 1件検出 (累計: 10000件)
[6805/8910] 421M60000010051: 1件検出 (累計: 10000件)
[6818/8910] 421M60000100075: 1件検出 (累計: 10000件)
[6821/8910] 421M60000100106: 1件検出 (累計: 10000件)
[6822/8910] 421M60000100153: 2件検出 (累計: 10000件)
[6824/8910] 421M60000100165: 3件検出 (累計: 10000件)
[6825/8910] 421M60000100166: 3件検出 (累計: 10000件)
[6837/8910] 421M60000302001: 2件検出 (累計: 10000件)
[6838/8910] 421M60000400022: 11件検出 (累計: 10000件)
[6844/8910] 421M60000402005: 3件検出 (累計: 10000件)
[6847/8910] 421M60000800003: 4件検出 (累計: 10000件)
[6848/8910] 421M60000800033: 2件検出 (累計: 10000件)
[6849/8910] 421M60000800058: 16件検出 (累計: 10000件)
[6851/8910] 421M60000802002: 2件検出 (累計: 10000件)
[6856/8910] 421M60001200001: 1件検出 (累計: 10000件)
[6859/8910] 421M60001200003: 2件検出 (累計: 10000件)
[6860/8910] 421M60001FC8001: 2件検出 (累計: 10000件)
[6861/8910] 421M60001FC8002: 1件検出 (累計: 10000件)
[6869/8910] 421RJNJ08012007: 8件検出 (累計: 10000件)
[6870/8910] 421RJNJ09123000: 5件検出 (累計: 10000件)
[6886/8910] 422CO0000000019: 20件検出 (累計: 10000件)
[6894/8910] 422CO0000000124: 1件検出 (累計: 10000件)
[6896/8910] 422CO0000000133: 4件検出 (累計: 10000件)
[6897/8910] 422CO0000000135: 2件検出 (累計: 10000件)
[6900/8910] 422CO0000000163: 0件検出 (累計: 10000件)
[6904/8910] 422CO0000000194: 1件検出 (累計: 10000件)
[6911/8910] 422CO0000000250: 13件検出 (累計: 10000件)
[6920/8910] 422M60000008061: 2件検出 (累計: 10000件)
[6932/8910] 422M60000100038: 3件検出 (累計: 10000件)
[6934/8910] 422M60000100067: 11件検出 (累計: 10000件)
[6936/8910] 422M60000400038: 1件検出 (累計: 10000件)
[6940/8910] 422M60000440002: 1件検出 (累計: 10000件)
[6951/8910] 422M60001000009: 1件検出 (累計: 10000件)
[7000/8910] 423CO0000000015: 0件検出 (累計: 10000件)
[7001/8910] 423CO0000000018: 6件検出 (累計: 10000件)
[7002/8910] 423CO0000000019: 2件検出 (累計: 10000件)
[7008/8910] 423CO0000000114: 2件検出 (累計: 10000件)
[7010/8910] 423CO0000000128: 3件検出 (累計: 10000件)
[7020/8910] 423CO0000000156: 2件検出 (累計: 10000件)
[7033/8910] 423CO0000000232: 1件検出 (累計: 10000件)
[7034/8910] 423CO0000000243: 6件検出 (累計: 10000件)
[7044/8910] 423CO0000000289: 1件検出 (累計: 10000件)
[7051/8910] 423CO0000000319: 2件検出 (累計: 10000件)
[7059/8910] 423CO0000000376: 3件検出 (累計: 10000件)
[7062/8910] 423CO0000000399: 1件検出 (累計: 10000件)
[7063/8910] 423CO0000000409: 1件検出 (累計: 10000件)
[7065/8910] 423CO0000000420: 2件検出 (累計: 10000件)
[7066/8910] 423CO0000000421: 7件検出 (累計: 10000件)
[7069/8910] 423M60000002039: 21件検出 (累計: 10000件)
[7073/8910] 423M60000002066: 2件検出 (累計: 10000件)
[7074/8910] 423M60000002069: 15件検出 (累計: 10000件)
[7086/8910] 423M60000008112: 3件検出 (累計: 10000件)
[7088/8910] 423M60000008168: 4件検出 (累計: 10000件)
[7090/8910] 423M60000010043: 8件検出 (累計: 10000件)
[7091/8910] 423M60000010044: 3件検出 (累計: 10000件)
[7100/8910] 423M60000040053: 2件検出 (累計: 10000件)
[7107/8910] 423M60000080022: 1件検出 (累計: 10000件)
[7109/8910] 423M60000080029: 2件検出 (累計: 10000件)
[7115/8910] 423M60000100027: 1件検出 (累計: 10000件)
[7118/8910] 423M60000100057: 3件検出 (累計: 10000件)
[7121/8910] 423M60000100069: 2件検出 (累計: 10000件)
[7122/8910] 428M60000400082: 2件検出 (累計: 10000件)
[7123/8910] 423M60000100086: 1件検出 (累計: 10000件)
[7124/8910] 423M60000100093: 8件検出 (累計: 10000件)
[7129/8910] 423M60000100120: 2件検出 (累計: 10000件)
[7133/8910] 428M60000400102: 1件検出 (累計: 10000件)
[7136/8910] 428M60000800011: 2件検出 (累計: 10000件)
[7142/8910] 428M60000800041: 12件検出 (累計: 10000件)
[7150/8910] 428M60020000003: 3件検出 (累計: 10000件)
[7158/8910] 428M60400020001: 2件検出 (累計: 10000件)
[7174/8910] 423M60000180003: 2件検出 (累計: 10000件)
[7175/8910] 423M60000200007: 2件検出 (累計: 10000件)
[7178/8910] 423M60000200066: 2件検出 (累計: 10000件)
[7185/8910] 423M60000400045: 7件検出 (累計: 10000件)
[7192/8910] 423M60000800040: 3件検出 (累計: 10000件)
[7193/8910] 423M60000800097: 4件検出 (累計: 10000件)
[7194/8910] 423M60000800099: 1件検出 (累計: 10000件)
[7199/8910] 423M60000900002: 2件検出 (累計: 10000件)
[7200/8910] 423M60000A00002: 0件検出 (累計: 10000件)
[7213/8910] 423M60001F9A001: 6件検出 (累計: 10000件)
[7214/8910] 423M60002000009: 1件検出 (累計: 10000件)
[7254/8910] 424CO0000000026: 2件検出 (累計: 10000件)
[7258/8910] 424CO0000000054: 2件検出 (累計: 10000件)
[7261/8910] 424CO0000000132: 3件検出 (累計: 10000件)
[7266/8910] 424CO0000000188: 1件検出 (累計: 10000件)
[7289/8910] 424M60000004003: 25件検出 (累計: 10000件)
[7290/8910] 424M60000008079: 2件検出 (累計: 10000件)
[7293/8910] 424M60000018001: 2件検出 (累計: 10000件)
[7297/8910] 424M60000040014: 11件検出 (累計: 10000件)
[7300/8910] 424M60000080033: 6件検出 (累計: 10000件)
[7303/8910] 424M60000100022: 1件検出 (累計: 10000件)
[7308/8910] 424M60000100132: 2件検出 (累計: 10000件)
[7309/8910] 424M60000100148: 2件検出 (累計: 10000件)
[7315/8910] 424M60000400046: 5件検出 (累計: 10000件)
[7334/8910] 424M60000800086: 1件検出 (累計: 10000件)
[7343/8910] 424M60001202001: 2件検出 (累計: 10000件)
[7354/8910] 424M60080000003: 4件検出 (累計: 10000件)
[7358/8910] 425AC0000000027: 11件検出 (累計: 10000件)
[7359/8910] 429CO0000000028: 4件検出 (累計: 10000件)
[7364/8910] 429CO0000000136: 2件検出 (累計: 10000件)
[7371/8910] 429CO0000000243: 1件検出 (累計: 10000件)
[7376/8910] 429CO0000000282: 5件検出 (累計: 10000件)
[7378/8910] 429CO0000000290: 2件検出 (累計: 10000件)
[7383/8910] 429M60000002041: 10件検出 (累計: 10000件)
[7385/8910] 429M60000002054: 1件検出 (累計: 10000件)
[7389/8910] 429M60000008079: 22件検出 (累計: 10000件)
[7400/8910] 429M60000100021: 0件検出 (累計: 10000件)
[7401/8910] 429M60000100111: 1件検出 (累計: 10000件)
[7403/8910] 429M60000100125: 2件検出 (累計: 10000件)
[7404/8910] 429M60000110002: 2件検出 (累計: 10000件)
[7405/8910] 429M60000180003: 3件検出 (累計: 10000件)
[7421/8910] 425AC0000000061: 2件検出 (累計: 10000件)
[7437/8910] 425AC0000000107: 6件検出 (累計: 10000件)
[7453/8910] 425CO0000000022: 2件検出 (累計: 10000件)
[7461/8910] 425CO0000000122: 4件検出 (累計: 10000件)
[7463/8910] 425CO0000000127: 2件検出 (累計: 10000件)
[7469/8910] 425CO0000000237: 2件検出 (累計: 10000件)
[7474/8910] 425CO0000000280: 4件検出 (累計: 10000件)
[7476/8910] 425CO0000000326: 3件検出 (累計: 10000件)
[7484/8910] 425M60000002068: 6件検出 (累計: 10000件)
[7486/8910] 425M60000002075: 3件検出 (累計: 10000件)
[7493/8910] 425M60000008049: 6件検出 (累計: 10000件)
[7498/8910] 425M60000010021: 2件検出 (累計: 10000件)
[7500/8910] 425M60000100007: 0件検出 (累計: 10000件)
[7503/8910] 425M60000100108: 1件検出 (累計: 10000件)
[7504/8910] 425M60000100138: 2件検出 (累計: 10000件)
[7509/8910] 425M60000200057: 2件検出 (累計: 10000件)
[7521/8910] 425M60000800031: 5件検出 (累計: 10000件)
[7525/8910] 425M60000800069: 1件検出 (累計: 10000件)
[7536/8910] 425M60001400003: 1件検出 (累計: 10000件)
[7590/8910] 426CO0000000013: 1件検出 (累計: 10000件)
[7591/8910] 426CO0000000023: 2件検出 (累計: 10000件)
[7592/8910] 426CO0000000039: 1件検出 (累計: 10000件)
[7596/8910] 426CO0000000074: 14件検出 (累計: 10000件)
[7598/8910] 426CO0000000099: 18件検出 (累計: 10000件)
[7600/8910] 426CO0000000130: 0件検出 (累計: 10000件)
[7602/8910] 426CO0000000155: 3件検出 (累計: 10000件)
[7613/8910] 426CO0000000203: 7件検出 (累計: 10000件)
[7616/8910] 426CO0000000213: 25件検出 (累計: 10000件)
[7620/8910] 426CO0000000278: 3件検出 (累計: 10000件)
[7623/8910] 426CO0000000324: 1件検出 (累計: 10000件)
[7624/8910] 426CO0000000336: 4件検出 (累計: 10000件)
[7627/8910] 426CO0000000353: 8件検出 (累計: 10000件)
[7628/8910] 426CO0000000358: 3件検出 (累計: 10000件)
[7630/8910] 426CO0000000377: 1件検出 (累計: 10000件)
[7632/8910] 426CO0000000400: 2件検出 (累計: 10000件)
[7633/8910] 426CO0000000404: 1件検出 (累計: 10000件)
[7638/8910] 426M60000002020: 16件検出 (累計: 10000件)
[7639/8910] 426M60000002033: 5件検出 (累計: 10000件)
[7642/8910] 426M60000002044: 56件検出 (累計: 10000件)
[7645/8910] 426M60000008085: 12件検出 (累計: 10000件)
[7658/8910] 426M60000100020: 7件検出 (累計: 10000件)
[7659/8910] 426M60000100033: 8件検出 (累計: 10000件)
[7664/8910] 426M60000100089: 3件検出 (累計: 10000件)
[7669/8910] 426M60000100110: 6件検出 (累計: 10000件)
[7670/8910] 426M60000100121: 28件検出 (累計: 10000件)
[7675/8910] 426M60000182002: 15件検出 (累計: 10000件)
[7682/8910] 426M60000200061: 3件検出 (累計: 10000件)
[7688/8910] 426M60000400001: 4件検出 (累計: 10000件)
[7697/8910] 426M60000800033: 4件検出 (累計: 10000件)
[7698/8910] 426M60000800040: 2件検出 (累計: 10000件)
[7699/8910] 426M60000800041: 3件検出 (累計: 10000件)
[7700/8910] 426M60000800064: 0件検出 (累計: 10000件)
[7701/8910] 426M60000A08002: 1件検出 (累計: 10000件)
[7703/8910] 426M60001000016: 4件検出 (累計: 10000件)
[7704/8910] 426M60001000028: 1件検出 (累計: 10000件)
[7708/8910] 426M60001400007: 3件検出 (累計: 10000件)
[7713/8910] 426M60020000001: 1件検出 (累計: 10000件)
[7730/8910] 429M60000400059: 1件検出 (累計: 10000件)
[7748/8910] 427CO0000000138: 2件検出 (累計: 10000件)
[7751/8910] 427CO0000000173: 3件検出 (累計: 10000件)
[7762/8910] 427CO0000000256: 3件検出 (累計: 10000件)
[7763/8910] 427CO0000000258: 3件検出 (累計: 10000件)
[7768/8910] 427CO0000000318: 1件検出 (累計: 10000件)
[7774/8910] 427CO0000000343: 60件検出 (累計: 11000件)
[7775/8910] 427CO0000000345: 34件検出 (累計: 11000件)
[7776/8910] 427CO0000000347: 27件検出 (累計: 11000件)
[7777/8910] 427CO0000000348: 1件検出 (累計: 11000件)
[7781/8910] 427CO0000000373: 4件検出 (累計: 11000件)
[7782/8910] 427CO0000000378: 8件検出 (累計: 11000件)
[7783/8910] 427CO0000000391: 1件検出 (累計: 11000件)
[7790/8910] 427M60000001007: 1件検出 (累計: 11000件)
[7792/8910] 427M60000002011: 1件検出 (累計: 11000件)
[7793/8910] 427M60000002017: 2件検出 (累計: 11000件)
[7797/8910] 427M60000002051: 1件検出 (累計: 11000件)
[7798/8910] 427M60000002061: 3件検出 (累計: 11000件)
[7800/8910] 427M60000002071: 0件検出 (累計: 11000件)
[7801/8910] 427M60000002074: 1件検出 (累計: 11000件)
[7806/8910] 427M60000008026: 4件検出 (累計: 11000件)
[7809/8910] 427M60000008073: 2件検出 (累計: 11000件)
[7810/8910] 427M60000010003: 1件検出 (累計: 11000件)
[7811/8910] 427M60000010011: 4件検出 (累計: 11000件)
[7813/8910] 427M60000010030: 12件検出 (累計: 11000件)
[7814/8910] 427M60000010031: 9件検出 (累計: 11000件)
[7815/8910] 427M60000010040: 1件検出 (累計: 11000件)
[7816/8910] 427M60000011001: 1件検出 (累計: 11000件)
[7820/8910] 427M60000040074: 8件検出 (累計: 11000件)
[7824/8910] 427M60000080023: 1件検出 (累計: 11000件)
[7825/8910] 427M60000080029: 2件検出 (累計: 11000件)
[7826/8910] 427M60000100016: 17件検出 (累計: 11000件)
[7828/8910] 427M60000100035: 1件検出 (累計: 11000件)
[7832/8910] 427M60000100075: 6件検出 (累計: 11000件)
[7834/8910] 427M60000100135: 1件検出 (累計: 11000件)
[7836/8910] 427M60000100149: 1件検出 (累計: 11000件)
[7837/8910] 427M60000100155: 6件検出 (累計: 11000件)
[7838/8910] 427M60000100162: 18件検出 (累計: 11000件)
[7839/8910] 427M60000102004: 4件検出 (累計: 11000件)
[7840/8910] 427M60000110001: 1件検出 (累計: 11000件)
[7841/8910] 427M60000182001: 3件検出 (累計: 11000件)
[7844/8910] 427M60000200012: 2件検出 (累計: 11000件)
[7846/8910] 427M60000200058: 5件検出 (累計: 11000件)
[7855/8910] 427M60000582001: 3件検出 (累計: 11000件)
[7859/8910] 429M60000600001: 1件検出 (累計: 11000件)
[7860/8910] 427M60000800058: 5件検出 (累計: 11000件)
[7866/8910] 427M60000A08002: 1件検出 (累計: 11000件)
[7868/8910] 429M60000742002: 2件検出 (累計: 11000件)
[7874/8910] 429M60000800063: 10件検出 (累計: 11000件)
[7877/8910] 429M60000800065: 1件検出 (累計: 11000件)
[7880/8910] 429M60000900001: 5件検出 (累計: 11000件)
[7883/8910] 429M60000900002: 2件検出 (累計: 11000件)
[7889/8910] 429M60000E00002: 1件検出 (累計: 11000件)
[7900/8910] 427M60400000016: 0件検出 (累計: 11000件)
[7907/8910] 429M60001F48001: 1件検出 (累計: 11000件)
[7920/8910] 428AC0000000089: 2件検出 (累計: 11000件)
[7959/8910] 428CO0000000032: 2件検出 (累計: 11000件)
[7962/8910] 428CO0000000049: 3件検出 (累計: 11000件)
[7963/8910] 428CO0000000057: 1件検出 (累計: 11000件)
[7965/8910] 428CO0000000058: 1件検出 (累計: 11000件)
[7975/8910] 430CO0000000044: 3件検出 (累計: 11000件)
[7984/8910] 428CO0000000185: 1件検出 (累計: 11000件)
[7987/8910] 428CO0000000207: 3件検出 (累計: 11000件)
[7991/8910] 430CO0000000177: 2件検出 (累計: 11000件)
[7994/8910] 430CO0000000199: 2件検出 (累計: 11000件)
[7996/8910] 428CO0000000224: 2件検出 (累計: 11000件)
[8000/8910] 430CO0000000226: 3件検出 (累計: 11000件)
[8002/8910] 428CO0000000309: 1件検出 (累計: 11000件)
[8006/8910] 430CO0000000251: 1件検出 (累計: 11000件)
[8007/8910] 428CO0000000319: 2件検出 (累計: 11000件)
[8009/8910] 430CO0000000253: 1件検出 (累計: 11000件)
[8016/8910] 428CO0000000345: 2件検出 (累計: 11000件)
[8020/8910] 428M60000002006: 10件検出 (累計: 11000件)
[8024/8910] 430CO0000000308: 2件検出 (累計: 11000件)
[8033/8910] 430CO0000000336: 1件検出 (累計: 11000件)
[8035/8910] 430CO0000000364: 40件検出 (累計: 11000件)
[8036/8910] 430M60000002026: 1件検出 (累計: 11000件)
[8043/8910] 430M60000100017: 4件検出 (累計: 11000件)
[8044/8910] 430M60000100151: 52件検出 (累計: 11000件)
[8045/8910] 430M60000100153: 3件検出 (累計: 11000件)
[8059/8910] 430M60000582001: 5件検出 (累計: 11000件)
[8066/8910] 430M60001FCA001: 4件検出 (累計: 11000件)
[8069/8910] 430M60400000015: 2件検出 (累計: 11000件)
[8070/8910] 430M60400000016: 1件検出 (累計: 11000件)
[8080/8910] 431CO0000000024: 2件検出 (累計: 11000件)
[8083/8910] 431CO0000000072: 8件検出 (累計: 11000件)
[8092/8910] 431M60000008035: 2件検出 (累計: 11000件)
[8093/8910] 431M60000008040: 8件検出 (累計: 11000件)
[8094/8910] 431M60000008041: 2件検出 (累計: 11000件)
[8096/8910] 431M60000010005: 2件検出 (累計: 11000件)
[8100/8910] 431M60000080004: 0件検出 (累計: 11000件)
[8103/8910] 431M60000100066: 2件検出 (累計: 11000件)
[8109/8910] 431M60000800012: 1件検出 (累計: 11000件)
[8113/8910] 501AC0000000008: 2件検出 (累計: 11000件)
[8127/8910] 501CO0000000003: 3件検出 (累計: 11000件)
[8131/8910] 501CO0000000049: 4件検出 (累計: 11000件)
[8143/8910] 501CO0000000142: 3件検出 (累計: 11000件)
[8149/8910] 501CO0000000178: 2件検出 (累計: 11000件)
[8151/8910] 501M60000002004: 1件検出 (累計: 11000件)
[8152/8910] 501M60000002022: 2件検出 (累計: 11000件)
[8161/8910] 501M60000080006: 2件検出 (累計: 11000件)
[8162/8910] 501M60000080020: 1件検出 (累計: 11000件)
[8170/8910] 501M60000100073: 3件検出 (累計: 11000件)
[8171/8910] 501M60000101001: 1件検出 (累計: 11000件)
[8175/8910] 501M60000200049: 2件検出 (累計: 11000件)
[8184/8910] 501M60000880001: 1件検出 (累計: 11000件)
[8189/8910] 501M60001C00003: 4件検出 (累計: 11000件)
[8198/8910] 502AC0000000025: 1件検出 (累計: 11000件)
[8200/8910] 502AC0000000037: 0件検出 (累計: 11000件)
[8205/8910] 502AC0000000079: 6件検出 (累計: 11000件)
[8210/8910] 502AC1000000078: 2件検出 (累計: 11000件)
[8212/8910] 502CO0000000033: 2件検出 (累計: 11000件)
[8220/8910] 502CO0000000160: 2件検出 (累計: 11000件)
[8226/8910] 502CO0000000217: 2件検出 (累計: 11000件)
[8231/8910] 502CO0000000246: 1件検出 (累計: 11000件)
[8232/8910] 502CO0000000250: 3件検出 (累計: 11000件)
[8236/8910] 502CO0000000313: 2件検出 (累計: 11000件)
[8245/8910] 502M60000008110: 2件検出 (累計: 11000件)
[8246/8910] 502M60000010033: 1件検出 (累計: 11000件)
[8256/8910] 502M60000080026: 5件検出 (累計: 11000件)
[8259/8910] 502M60000100091: 2件検出 (累計: 11000件)
[8261/8910] 502M60000100115: 2件検出 (累計: 11000件)
[8262/8910] 502M60000100125: 4件検出 (累計: 11000件)
[8278/8910] 502M60000400078: 3件検出 (累計: 11000件)
[8283/8910] 502M60000800047: 2件検出 (累計: 11000件)
[8286/8910] 502M60000800083: 3件検出 (累計: 11000件)
[8288/8910] 502M60000800094: 1件検出 (累計: 11000件)
[8291/8910] 502M60000802006: 1件検出 (累計: 11000件)
[8296/8910] 502M60001FCA003: 1件検出 (累計: 11000件)
[8298/8910] 502M60080000001: 4件検出 (累計: 11000件)
[8299/8910] 502M60080000002: 2件検出 (累計: 11000件)
[8300/8910] 502M60080000006: 0件検出 (累計: 11000件)
[8308/8910] 502M60200000003: 2件検出 (累計: 11000件)
[8335/8910] 503CO0000000037: 2件検出 (累計: 11000件)
[8339/8910] 503CO0000000133: 2件検出 (累計: 11000件)
[8346/8910] 503CO0000000171: 1件検出 (累計: 11000件)
[8361/8910] 503M60000002035: 2件検出 (累計: 11000件)
[8364/8910] 503M60000002073: 1件検出 (累計: 11000件)
[8365/8910] 503M60000008031: 2件検出 (累計: 11000件)
[8370/8910] 503M60000008086: 2件検出 (累計: 11000件)
[8391/8910] 503M60000100187: 4件検出 (累計: 11000件)
[8400/8910] 503M60000300001: 0件検出 (累計: 11000件)
[8402/8910] 503M60000400001: 1件検出 (累計: 11000件)
[8415/8910] 503M60000742003: 3件検出 (累計: 11000件)
[8419/8910] 503M60000840001: 1件検出 (累計: 11000件)
[8420/8910] 503M60000840002: 1件検出 (累計: 11000件)
[8424/8910] 503M60000A00006: 1件検出 (累計: 11000件)
[8457/8910] 503M60004000010: 5件検出 (累計: 11000件)
[8459/8910] 503M62000000001: 13件検出 (累計: 11000件)
[8460/8910] 503M62000000002: 2件検出 (累計: 11000件)
[8491/8910] 504CO0000000128: 1件検出 (累計: 11000件)
[8492/8910] 504CO0000000167: 1件検出 (累計: 11000件)
[8497/8910] 504CO0000000209: 7件検出 (累計: 11000件)
[8498/8910] 504CO0000000226: 1件検出 (累計: 11000件)
[8500/8910] 504CO0000000254: 0件検出 (累計: 11000件)
[8504/8910] 504CO0000000300: 4件検出 (累計: 11000件)
[8512/8910] 504CO0000000352: 1件検出 (累計: 11000件)
[8516/8910] 504CO0000000394: 2件検出 (累計: 11000件)
[8518/8910] 504M60000001003: 4件検出 (累計: 11000件)
[8519/8910] 504M60000002001: 6件検出 (累計: 11000件)
[8524/8910] 504M60000008039: 3件検出 (累計: 11000件)
[8531/8910] 504M60000042003: 1件検出 (累計: 11000件)
[8534/8910] 504M60000080021: 3件検出 (累計: 11000件)
[8537/8910] 504M60000100033: 2件検出 (累計: 11000件)
[8538/8910] 504M60000100089: 2件検出 (累計: 11000件)
[8544/8910] 504M60000200039: 27件検出 (累計: 11000件)
[8548/8910] 504M60000240003: 2件検出 (累計: 11000件)
[8561/8910] 504M60000800085: 1件検出 (累計: 11000件)
[8562/8910] 504M60000800093: 1件検出 (累計: 11000件)
[8570/8910] 504M60001400001: 1件検出 (累計: 11000件)
[8574/8910] 504M60004008001: 16件検出 (累計: 11000件)
[8585/8910] 504RJNJ09147000: 4件検出 (累計: 11000件)
[8586/8910] 504RJNJ09148000: 8件検出 (累計: 11000件)
[8588/8910] 504RJNJ11011000: 4件検出 (累計: 11000件)
[8589/8910] 504RJNJ11012000: 5件検出 (累計: 11000件)
[8600/8910] 505AC1000000042: 0件検出 (累計: 11000件)
[8613/8910] 505CO0000000177: 2件検出 (累計: 11000件)
[8615/8910] 505CO0000000222: 2件検出 (累計: 11000件)
[8622/8910] 505CO0000000282: 5件検出 (累計: 11000件)
[8623/8910] 505CO0000000290: 1件検出 (累計: 11000件)
[8629/8910] 505CO0000000342: 1件検出 (累計: 11000件)
[8633/8910] 505CO0000000379: 2件検出 (累計: 11000件)
[8637/8910] 505M60000002040: 2件検出 (累計: 11000件)
[8641/8910] 505M60000002044: 2件検出 (累計: 11000件)
[8642/8910] 505M60000002048: 1件検出 (累計: 11000件)
[8644/8910] 505M60000002059: 1件検出 (累計: 11000件)
[8645/8910] 505M60000002061: 6件検出 (累計: 11000件)
[8646/8910] 505M60000002078: 2件検出 (累計: 11000件)
[8648/8910] 505M60000008010: 1件検出 (累計: 11000件)
[8651/8910] 505M60000008064: 6件検出 (累計: 11000件)
[8652/8910] 505M60000010001: 1件検出 (累計: 11000件)
[8655/8910] 505M60000012002: 6件検出 (累計: 11000件)
[8656/8910] 505M60000020002: 2件検出 (累計: 11000件)
[8659/8910] 505M60000042006: 6件検出 (累計: 11000件)
[8661/8910] 505M60000052001: 6件検出 (累計: 11000件)
[8667/8910] 505M60000100037: 2件検出 (累計: 11000件)
[8668/8910] 505M60000100072: 3件検出 (累計: 11000件)
[8669/8910] 505M60000100080: 3件検出 (累計: 11000件)
[8673/8910] 505M60000102002: 1件検出 (累計: 11000件)
[8675/8910] 505M60000102006: 6件検出 (累計: 11000件)
[8678/8910] 505M60000200062: 2件検出 (累計: 11000件)
[8679/8910] 505M60000202004: 6件検出 (累計: 11000件)
[8681/8910] 505M60000242002: 6件検出 (累計: 11000件)
[8684/8910] 505M60000400041: 6件検出 (累計: 11000件)
[8687/8910] 505M60000800007: 4件検出 (累計: 11000件)
[8690/8910] 505M60000800062: 6件検出 (累計: 11000件)
[8693/8910] 505M60001400002: 2件検出 (累計: 11000件)
[8700/8910] 506AC0000000001: 0件検出 (累計: 11000件)
[8717/8910] 506CO0000000004: 3件検出 (累計: 11000件)
[8719/8910] 506CO0000000006: 2件検出 (累計: 11000件)
[8723/8910] 506CO0000000026: 1件検出 (累計: 11000件)
[8727/8910] 506CO0000000046: 2件検出 (累計: 11000件)
[8734/8910] 506CO0000000178: 3件検出 (累計: 11000件)
[8738/8910] 506CO0000000200: 3件検出 (累計: 11000件)
[8749/8910] 506CO0000000306: 3件検出 (累計: 11000件)
[8755/8910] 506CO0000000331: 1件検出 (累計: 11000件)
[8761/8910] 506CO0000000392: 2件検出 (累計: 11000件)
[8764/8910] 506M60000002015: 1件検出 (累計: 11000件)
[8769/8910] 506M60000002095: 1件検出 (累計: 11000件)
[8772/8910] 506M60000002114: 1件検出 (累計: 11000件)
[8786/8910] 506M60000010010: 1件検出 (累計: 11000件)
[8788/8910] 506M60000011002: 1件検出 (累計: 11000件)
[8793/8910] 506M60000028002: 3件検出 (累計: 11000件)
[8800/8910] 506M60000100007: 0件検出 (累計: 11000件)
[8801/8910] 506M60000100077: 2件検出 (累計: 11000件)
[8802/8910] 506M60000100094: 6件検出 (累計: 11000件)
[8803/8910] 506M60000100106: 1件検出 (累計: 11000件)
[8805/8910] 506M60000100140: 2件検出 (累計: 11000件)
[8806/8910] 506M60000200050: 2件検出 (累計: 11000件)
[8809/8910] 506M60000400056: 4件検出 (累計: 11000件)
[8810/8910] 506M60000400069: 2件検出 (累計: 11000件)
[8812/8910] 506M60000400075: 2件検出 (累計: 11000件)
[8813/8910] 506M60000400076: 1件検出 (累計: 11000件)
[8815/8910] 506M60000600002: 2件検出 (累計: 11000件)
[8835/8910] 506M60002000004: 2件検出 (累計: 11000件)
[8840/8910] 506M60004742001: 3件検出 (累計: 11000件)
[8842/8910] 506M60080000004: 1件検出 (累計: 11000件)
[8843/8910] 506M60200000003: 4件検出 (累計: 11000件)
[8859/8910] 507CO0000000022: 2件検出 (累計: 11000件)
[8860/8910] 507CO0000000026: 5件検出 (累計: 11000件)
[8867/8910] 507CO0000000193: 1件検出 (累計: 11000件)
[8871/8910] 507CO0000000256: 1件検出 (累計: 11000件)
[8876/8910] 507M60000002058: 1件検出 (累計: 11000件)
[8877/8910] 507M60000008016: 24件検出 (累計: 11000件)
[8887/8910] 507M60000100003: 3件検出 (累計: 11000件)
[8894/8910] 507M60000600002: 1件検出 (累計: 11000件)
[8900/8910] 507M60001600001: 0件検出 (累計: 11000件)

================================================================================
✅ 参照データの投入が完了しました！
  処理法令数: 8910
  総参照数: 11893
================================================================================

📊 参照タイプ別統計:
  external: 5859件
  internal: 4051件
  structural: 1207件
  application: 585件
  relative: 155件
  range: 20件
  multiple: 16件
